Log file open, 10/11/18 14:09:43
LogWindows: Failed to load 'aqProf.dll' (GetLastError=126)
LogWindows: File 'aqProf.dll' does not exist
LogWindows: Failed to load 'VSPerf140.dll' (GetLastError=126)
LogWindows: File 'VSPerf140.dll' does not exist
LogWindows: Failed to load 'VtuneApi.dll' (GetLastError=126)
LogWindows: File 'VtuneApi.dll' does not exist
LogWindows: Failed to load 'VtuneApi32e.dll' (GetLastError=126)
LogWindows: File 'VtuneApi32e.dll' does not exist
LogInit: Display: Running engine without a game
LogPlatformFile: Not using cached read wrapper
LogInit: Display: Loading recent project file: ../../../../../../Users/theco/Desktop/DashPunch/DashPunchPrototype/DashPunchPrototype.uproject
LogTaskGraph: Started task graph with 5 named threads and 35 total threads with 3 sets of task threads.
LogStats: Stats thread started at 0.476787
LogD3D11RHI: Loaded GFSDK_Aftermath_Lib.x64.dll
LogICUInternationalization: Display: ICU TimeZone Detection - Raw Offset: -8:00, Platform Override: ''
LogPluginManager: Mounting plugin Paper2D
LogPluginManager: Mounting plugin AISupport
LogPluginManager: Mounting plugin LightPropagationVolume
LogPluginManager: Mounting plugin CLionSourceCodeAccess
LogPluginManager: Mounting plugin CodeLiteSourceCodeAccess
LogPluginManager: Mounting plugin GitSourceControl
LogPluginManager: Mounting plugin KDevelopSourceCodeAccess
LogPluginManager: Mounting plugin NullSourceCodeAccess
LogPluginManager: Mounting plugin PerforceSourceControl
LogPluginManager: Mounting plugin SubversionSourceControl
LogPluginManager: Mounting plugin UObjectPlugin
LogPluginManager: Mounting plugin VisualStudioCodeSourceCodeAccess
LogPluginManager: Mounting plugin VisualStudioSourceCodeAccess
LogPluginManager: Mounting plugin XCodeSourceCodeAccess
LogPluginManager: Mounting plugin AssetManagerEditor
LogPluginManager: Mounting plugin CryptoKeys
LogPluginManager: Mounting plugin DataValidation
LogPluginManager: Mounting plugin FacialAnimation
LogPluginManager: Mounting plugin GameplayTagsEditor
LogPluginManager: Mounting plugin MacGraphicsSwitching
LogPluginManager: Mounting plugin MeshEditor
LogPluginManager: Mounting plugin MobileLauncherProfileWizard
LogPluginManager: Mounting plugin PluginBrowser
LogPluginManager: Mounting plugin SpeedTreeImporter
LogPluginManager: Mounting plugin DatasmithContent
LogPluginManager: Mounting plugin AlembicImporter
LogPluginManager: Mounting plugin AppleImageUtils
LogPluginManager: Mounting plugin AppleVision
LogPluginManager: Mounting plugin BackChannel
LogPluginManager: Mounting plugin CharacterAI
LogPluginManager: Mounting plugin GeometryCache
LogPluginManager: Mounting plugin HTML5Networking
LogPluginManager: Mounting plugin ProxyLODPlugin
LogPluginManager: Mounting plugin MagicLeap
LogPluginManager: Mounting plugin MagicLeapEmulator
LogPluginManager: Mounting plugin MagicLeapMedia
LogPluginManager: Mounting plugin AndroidMedia
LogPluginManager: Mounting plugin AvfMedia
LogPluginManager: Mounting plugin ImgMedia
LogPluginManager: Mounting plugin LinearTimecode
LogPluginManager: Mounting plugin MediaCompositing
LogPluginManager: Mounting plugin MediaPlayerEditor
LogPluginManager: Mounting plugin WmfMedia
LogPluginManager: Mounting plugin TcpMessaging
LogPluginManager: Mounting plugin UdpMessaging
LogPluginManager: Mounting plugin ActorSequence
LogPluginManager: Mounting plugin LevelSequenceEditor
LogPluginManager: Mounting plugin MatineeToLevelSequence
LogPluginManager: Mounting plugin NetcodeUnitTest
LogPluginManager: Mounting plugin NUTUnrealEngine4
LogPluginManager: Mounting plugin OnlineSubsystemGooglePlay
LogPluginManager: Mounting plugin OnlineSubsystemIOS
LogPluginManager: Mounting plugin OnlineSubsystem
LogPluginManager: Mounting plugin OnlineSubsystemNull
LogPluginManager: Mounting plugin OnlineSubsystemUtils
LogPluginManager: Mounting plugin LauncherChunkInstaller
LogPluginManager: Mounting plugin AndroidDeviceProfileSelector
LogPluginManager: Mounting plugin AndroidMoviePlayer
LogPluginManager: Mounting plugin AndroidPermission
LogPluginManager: Mounting plugin AppleMoviePlayer
LogPluginManager: Mounting plugin ArchVisCharacter
LogPluginManager: Mounting plugin AudioCapture
LogPluginManager: Mounting plugin CableComponent
LogPluginManager: Mounting plugin CustomMeshComponent
LogPluginManager: Mounting plugin EditableMesh
LogPluginManager: Mounting plugin ExampleDeviceProfileSelector
LogPluginManager: Mounting plugin GoogleCloudMessaging
LogPluginManager: Mounting plugin ImmediatePhysics
LogPluginManager: Mounting plugin IOSDeviceProfileSelector
LogPluginManager: Mounting plugin LinuxDeviceProfileSelector
LogPluginManager: Mounting plugin LocationServicesBPLibrary
LogPluginManager: Mounting plugin MobilePatchingUtils
LogPluginManager: Mounting plugin OculusVR
LogPluginManager: Plugin shader directory ../../../Engine/Plugins/Runtime/Oculus/OculusVR/Shaders found
LogPluginManager: Mapping shader source directory ../../../Engine/Plugins/Runtime/Oculus/OculusVR/Shaders to virtual directory /Plugin/OculusVR
LogPluginManager: Mounting plugin PhysXVehicles
LogPluginManager: Mounting plugin ProceduralMeshComponent
LogPluginManager: Mounting plugin RuntimePhysXCooking
LogPluginManager: Mounting plugin SteamVR
LogPluginManager: Mounting plugin WindowsMoviePlayer
LogStreaming: Display: Took  0.208s to configure plugins.
LogInit: Using libcurl 7.55.1-DEV
LogInit:  - built for x86_64-pc-win32
LogInit:  - supports SSL with OpenSSL/1.0.2h
LogInit:  - supports HTTP deflate (compression) using libz 1.2.8
LogInit:  - other features:
LogInit:      CURL_VERSION_SSL
LogInit:      CURL_VERSION_LIBZ
LogInit:      CURL_VERSION_IPV6
LogInit:      CURL_VERSION_ASYNCHDNS
LogInit:      CURL_VERSION_LARGEFILE
LogInit:      CURL_VERSION_IDN
LogInit:  CurlRequestOptions (configurable via config and command line):
LogInit:  - bVerifyPeer = false  - Libcurl will NOT verify peer certificate
LogInit:  - bUseHttpProxy = false  - Libcurl will NOT use HTTP proxy
LogInit:  - bDontReuseConnections = false  - Libcurl will reuse connections
LogInit:  - CertBundlePath = nullptr  - Libcurl will use whatever was configured at build time.
LogInit:  - MaxHostConnections = 16  - Libcurl will limit the number of connections to a host
LogInit:  - LocalHostAddr = Default
LogInit:  - BufferSize = 65536
LogInit: WinSock: version 1.1 (2.2), MaxSocks=32767, MaxUdp=65467
LogHMD: Failed initializing OVRPlugin 1.25.0
LogInit: Build: ++UE4+Release-4.20-CL-4369336
LogInit: Engine Version: 4.20.3-4369336+++UE4+Release-4.20
LogInit: Compatible Engine Version: 4.20.0-4212847+++UE4+Release-4.20
LogInit: Net CL: 4212847
LogInit: OS: Windows 10 (), CPU: Intel(R) Xeon(R) CPU           E5645  @ 2.40GHz, GPU: NVIDIA GeForce GTX 750 Ti
LogInit: Compiled (64-bit): Sep 17 2018 12:26:19
LogInit: Compiled with Visual C++: 19.13.26129.00
LogInit: Build Configuration: Development
LogInit: Branch Name: ++UE4+Release-4.20
LogInit: Command Line: 
LogInit: Base Directory: C:/Program Files/Epic Games/UE_4.20/Engine/Binaries/Win64/
LogInit: Installed Engine Build: 1
LogDevObjectVersion: Number of dev versions registered: 20
LogDevObjectVersion:   Dev-Blueprints (B0D832E4-1F89-4F0D-ACCF-7EB736FD4AA2): 10
LogDevObjectVersion:   Dev-Build (E1C64328-A22C-4D53-A36C-8E866417BD8C): 0
LogDevObjectVersion:   Dev-Core (375EC13C-06E4-48FB-B500-84F0262A717E): 2
LogDevObjectVersion:   Dev-Editor (E4B068ED-F494-42E9-A231-DA0B2E46BB41): 24
LogDevObjectVersion:   Dev-Framework (CFFC743F-43B0-4480-9391-14DF171D2073): 34
LogDevObjectVersion:   Dev-Mobile (B02B49B5-BB20-44E9-A304-32B752E40360): 2
LogDevObjectVersion:   Dev-Networking (A4E4105C-59A1-49B5-A7C5-40C4547EDFEE): 0
LogDevObjectVersion:   Dev-Online (39C831C9-5AE6-47DC-9A44-9C173E1C8E7C): 0
LogDevObjectVersion:   Dev-Physics (78F01B33-EBEA-4F98-B9B4-84EACCB95AA2): 0
LogDevObjectVersion:   Dev-Platform (6631380F-2D4D-43E0-8009-CF276956A95A): 0
LogDevObjectVersion:   Dev-Rendering (12F88B9F-8875-4AFC-A67C-D90C383ABD29): 26
LogDevObjectVersion:   Dev-Sequencer (7B5AE74C-D270-4C10-A958-57980B212A5A): 9
LogDevObjectVersion:   Dev-VR (D7296918-1DD6-4BDD-9DE2-64A83CC13884): 2
LogDevObjectVersion:   Dev-LoadTimes (C2A15278-BFE7-4AFE-6C17-90FF531DF755): 1
LogDevObjectVersion:   Private-Geometry (6EACA3D4-40EC-4CC1-B786-8BED09428FC5): 3
LogDevObjectVersion:   Dev-AnimPhys (29E575DD-E0A3-4627-9D10-D276232CDCEA): 17
LogDevObjectVersion:   Dev-ReflectionCapture (6B266CEC-1EC7-4B8F-A30B-E4D90942FC07): 1
LogDevObjectVersion:   Dev-Automation (0DF73D61-A23F-47EA-B727-89E90C41499A): 1
LogDevObjectVersion:   FortniteMain (601D1886-AC64-4F84-AA16-D3DE0DEAC7D6): 12
LogDevObjectVersion:   Dev-Enterprise (9DFFBCD6-494F-0158-E221-12823C92A888): 1
LogStreaming: Display: Took  0.001s to delete old logs.
LogInit: Presizing for max 8388607 objects, including 0 objects not considered by GC, pre-allocating 0 bytes for permanent pool.
LogInit: Object subsystem initialized
[2018.10.11-21.09.44:327][  0]LogInit: Selected Device Profile: [Windows]
[2018.10.11-21.09.44:327][  0]LogInit: Applying CVar settings loaded from the selected device profile: [Windows]
[2018.10.11-21.09.44:351][  0]LogHAL: Display: Platform has ~ 12 GB [12875771904 / 17179869184 / 12], which maps to Larger [LargestMinGB=32, LargerMinGB=12, DefaultMinGB=8, SmallerMinGB=6, SmallestMinGB=0)
[2018.10.11-21.09.44:351][  0]LogInit: Setting Device Profile CVar: [[r.Vulkan.UseRealUBs:1]]
[2018.10.11-21.09.44:351][  0]LogInit: Going up to parent DeviceProfile []
[2018.10.11-21.09.44:351][  0]LogInit: Computer: DESKTOP-42U0TAF
[2018.10.11-21.09.44:351][  0]LogInit: User: theco
[2018.10.11-21.09.44:352][  0]LogInit: CPU Page size=4096, Cores=6
[2018.10.11-21.09.44:352][  0]LogInit: High frequency timer resolution =10.000000 MHz
[2018.10.11-21.09.44:352][  0]LogMemory: Memory total: Physical=12.0GB (12GB approx)
[2018.10.11-21.09.44:352][  0]LogMemory: Platform Memory Stats for Windows
[2018.10.11-21.09.44:352][  0]LogMemory: Process Physical Memory: 104.04 MB used, 104.04 MB peak
[2018.10.11-21.09.44:352][  0]LogMemory: Process Virtual Memory: 97.20 MB used, 97.20 MB peak
[2018.10.11-21.09.44:352][  0]LogMemory: Physical Memory: 6980.77 MB used,  5298.53 MB free, 12279.29 MB total
[2018.10.11-21.09.44:352][  0]LogMemory: Virtual Memory: 4677.53 MB used,  5298.53 MB free, 134217728.00 MB total
[2018.10.11-21.09.44:386][  0]LogInit: Using OS detected language (en-US).
[2018.10.11-21.09.44:386][  0]LogInit: Using OS detected locale (en-US).
[2018.10.11-21.09.44:388][  0]LogTextLocalizationManager: No specific localization for 'en-US' exists, so the 'en' localization will be used.
[2018.10.11-21.09.44:952][  0]LogStreaming: Display: Took  0.565s to InitEngineTextLocalization.
[2018.10.11-21.09.44:952][  0]LogInit: Setting process to per monitor DPI aware
[2018.10.11-21.09.45:015][  0]LogSlate: New Slate User Created.  User Index 0, Is Virtual User: 0
[2018.10.11-21.09.45:015][  0]LogSlate: Slate User Registered.  User Index 0, Is Virtual User: 0
[2018.10.11-21.09.45:411][  0]LogHMD: Failed to initialize OpenVR with code 126
[2018.10.11-21.09.45:411][  0]LogD3D11RHI: D3D11 adapters:
[2018.10.11-21.09.45:507][  0]LogD3D11RHI:    0. 'NVIDIA GeForce GTX 750 Ti' (Feature Level 11_0)
[2018.10.11-21.09.45:507][  0]LogD3D11RHI:       2007/0/6139 MB DedicatedVideo/DedicatedSystem/SharedSystem, Outputs:2, VendorId:0x10de
[2018.10.11-21.09.45:510][  0]LogD3D11RHI:    1. 'Microsoft Basic Render Driver' (Feature Level 11_0)
[2018.10.11-21.09.45:510][  0]LogD3D11RHI:       0/0/6139 MB DedicatedVideo/DedicatedSystem/SharedSystem, Outputs:0, VendorId:0x1414
[2018.10.11-21.09.45:510][  0]LogD3D11RHI: Chosen D3D11 Adapter: 0
[2018.10.11-21.09.45:524][  0]LogD3D11RHI: Creating new Direct3DDevice
[2018.10.11-21.09.45:524][  0]LogD3D11RHI:     GPU DeviceId: 0x1380 (for the marketing name, search the web for "GPU Device Id")
[2018.10.11-21.09.45:524][  0]LogWindows: EnumDisplayDevices:
[2018.10.11-21.09.45:524][  0]LogWindows:    0. 'NVIDIA GeForce GTX 750 Ti' (P:1 D:1)
[2018.10.11-21.09.45:525][  0]LogWindows:    1. 'NVIDIA GeForce GTX 750 Ti' (P:0 D:1)
[2018.10.11-21.09.45:525][  0]LogWindows:    2. 'NVIDIA GeForce GTX 750 Ti' (P:0 D:0)
[2018.10.11-21.09.45:526][  0]LogWindows:    3. 'NVIDIA GeForce GTX 750 Ti' (P:0 D:0)
[2018.10.11-21.09.45:526][  0]LogWindows: DebugString: FoundDriverCount:4 
[2018.10.11-21.09.45:526][  0]LogD3D11RHI:     Adapter Name: NVIDIA GeForce GTX 750 Ti
[2018.10.11-21.09.45:526][  0]LogD3D11RHI:   Driver Version: 416.16 (internal:25.21.14.1616, unified:416.16)
[2018.10.11-21.09.45:526][  0]LogD3D11RHI:      Driver Date: 10-2-2018
[2018.10.11-21.09.45:526][  0]LogRHI: Texture pool is 1405 MB (70% of 2007 MB)
[2018.10.11-21.09.45:602][  0]LogD3D11RHI: Async texture creation enabled
[2018.10.11-21.09.45:625][  0]LogD3D11RHI: GPU Timing Frequency: 1000.000000 (Debug: 2 2)
[2018.10.11-21.09.45:719][  0]LogShaderCompilers: Guid format shader working directory is -21 characters bigger than the processId version (../../../../../../Users/theco/Desktop/DashPunch/DashPunchPrototype/Intermediate/Shaders/WorkingDirectory/18920/).
[2018.10.11-21.09.45:719][  0]LogShaderCompilers: Cleaned the shader compiler working directory 'C:/Users/theco/AppData/Local/Temp/UnrealShaderWorkingDir/D343C3FF4E44DFFA7CC5CE80A87FC1A2/'.
[2018.10.11-21.09.46:216][  0]LogTemp: Display: Loaded TP AllDesktopTargetPlatform
[2018.10.11-21.09.46:241][  0]LogTemp: Display: Loaded TP MacClientTargetPlatform
[2018.10.11-21.09.46:267][  0]LogTemp: Display: Loaded TP MacNoEditorTargetPlatform
[2018.10.11-21.09.46:290][  0]LogTemp: Display: Loaded TP MacServerTargetPlatform
[2018.10.11-21.09.46:314][  0]LogTemp: Display: Loaded TP MacTargetPlatform
[2018.10.11-21.09.46:338][  0]LogTemp: Display: Loaded TP WindowsClientTargetPlatform
[2018.10.11-21.09.46:361][  0]LogTemp: Display: Loaded TP WindowsNoEditorTargetPlatform
[2018.10.11-21.09.46:386][  0]LogTemp: Display: Loaded TP WindowsServerTargetPlatform
[2018.10.11-21.09.46:397][  0]LogTemp: Display: Loaded TP WindowsTargetPlatform
[2018.10.11-21.09.46:541][  0]LogTemp: Display: Loaded TP AndroidTargetPlatform
[2018.10.11-21.09.46:541][  0]LogTemp: Display: Loaded TP AndroidTargetPlatform
[2018.10.11-21.09.46:541][  0]LogTemp: Display: Loaded TP AndroidTargetPlatform
[2018.10.11-21.09.46:541][  0]LogTemp: Display: Loaded TP AndroidTargetPlatform
[2018.10.11-21.09.46:541][  0]LogTemp: Display: Loaded TP AndroidTargetPlatform
[2018.10.11-21.09.46:541][  0]LogTemp: Display: Loaded TP AndroidTargetPlatform
[2018.10.11-21.09.46:541][  0]LogTemp: Display: Loaded TP AndroidTargetPlatform
[2018.10.11-21.09.46:541][  0]LogTemp: Display: Loaded TP AndroidTargetPlatform
[2018.10.11-21.09.46:541][  0]LogTemp: Display: Loaded TP AndroidTargetPlatform
[2018.10.11-21.09.46:541][  0]LogTemp: Display: Loaded TP AndroidTargetPlatform
[2018.10.11-21.09.46:541][  0]LogTemp: Display: Loaded TP AndroidTargetPlatform
[2018.10.11-21.09.46:541][  0]LogTemp: Display: Loaded TP AndroidTargetPlatform
[2018.10.11-21.09.46:541][  0]LogTemp: Display: Loaded TP AndroidTargetPlatform
[2018.10.11-21.09.46:541][  0]LogTemp: Display: Loaded TP AndroidTargetPlatform
[2018.10.11-21.09.46:541][  0]LogTemp: Display: Loaded TP AndroidTargetPlatform
[2018.10.11-21.09.46:541][  0]LogTemp: Display: Loaded TP AndroidTargetPlatform
[2018.10.11-21.09.46:541][  0]LogTemp: Display: Loaded TP AndroidTargetPlatform
[2018.10.11-21.09.46:541][  0]LogTemp: Display: Loaded TP AndroidTargetPlatform
[2018.10.11-21.09.46:543][  0]LogTemp: Display: Loaded TP HTML5TargetPlatform
[2018.10.11-21.09.46:625][  0]LogTemp: Display: Loaded TP IOSTargetPlatform
[2018.10.11-21.09.46:625][  0]LogTemp: Display: Loaded TP IOSTargetPlatform
[2018.10.11-21.09.46:671][  0]LogTemp: Display: Loaded TP TVOSTargetPlatform
[2018.10.11-21.09.46:671][  0]LogTemp: Display: Loaded TP TVOSTargetPlatform
[2018.10.11-21.09.46:694][  0]LogTemp: Display: Loaded TP LinuxClientTargetPlatform
[2018.10.11-21.09.46:716][  0]LogTemp: Display: Loaded TP LinuxNoEditorTargetPlatform
[2018.10.11-21.09.46:739][  0]LogTemp: Display: Loaded TP LinuxServerTargetPlatform
[2018.10.11-21.09.46:768][  0]LogTemp: Display: Loaded TP LinuxTargetPlatform
[2018.10.11-21.09.46:788][  0]LogTemp: Display: Loaded TP LuminTargetPlatform
[2018.10.11-21.09.46:788][  0]LogTargetPlatformManager: Display: Building Assets For Windows
[2018.10.11-21.09.46:890][  0]LogXGEController: Cleaning working directory: C:/Users/theco/AppData/Local/Temp/UnrealXGEWorkingDir/
[2018.10.11-21.09.46:890][  0]LogXGEController: Cannot use XGE Controller as Incredibuild is not installed on this machine.
[2018.10.11-21.09.46:890][  0]LogShaderCompilers: Cannot use XGE Shader Compiler as Incredibuild is not installed on this machine.
[2018.10.11-21.09.46:890][  0]LogShaderCompilers: Display: Using Local Shader Compiler.
[2018.10.11-21.09.48:341][  0]LogDerivedDataCache: Display: Max Cache Size: 512 MB
[2018.10.11-21.09.48:459][  0]LogDerivedDataCache: Loaded boot cache 0.12s 72MB C:/Users/theco/AppData/Local/UnrealEngine/4.20/DerivedDataCache/Boot.ddc.
[2018.10.11-21.09.48:460][  0]LogDerivedDataCache: Display: Loaded Boot cache: C:/Users/theco/AppData/Local/UnrealEngine/4.20/DerivedDataCache/Boot.ddc
[2018.10.11-21.09.48:460][  0]LogDerivedDataCache: FDerivedDataBackendGraph:  Pak pak cache file ../../../../../../Users/theco/Desktop/DashPunch/DashPunchPrototype/DerivedDataCache/DDC.ddp not found, will not use a pak cache.
[2018.10.11-21.09.48:460][  0]LogDerivedDataCache: Unable to find inner node Pak for hierarchical cache Hierarchy.
[2018.10.11-21.09.48:460][  0]LogDerivedDataCache: FDerivedDataBackendGraph:  CompressedPak pak cache file ../../../../../../Users/theco/Desktop/DashPunch/DashPunchPrototype/DerivedDataCache/Compressed.ddp not found, will not use a pak cache.
[2018.10.11-21.09.48:460][  0]LogDerivedDataCache: Unable to find inner node CompressedPak for hierarchical cache Hierarchy.
[2018.10.11-21.09.48:480][  0]LogDerivedDataCache: Display: Pak cache opened for reading ../../../Engine/DerivedDataCache/Compressed.ddp.
[2018.10.11-21.09.48:493][  0]LogDerivedDataCache: Using Local data cache path C:/Users/theco/AppData/Local/UnrealEngine/Common/DerivedDataCache: Writable
[2018.10.11-21.09.48:493][  0]LogDerivedDataCache: Shared data cache path not found in *engine.ini, will not use an Shared cache.
[2018.10.11-21.09.48:493][  0]LogDerivedDataCache: Unable to find inner node Shared for hierarchical cache Hierarchy.
[2018.10.11-21.09.48:526][  0]LogMaterial: Verifying Global Shaders for PCD3D_SM5
[2018.10.11-21.09.48:528][  0]LogSlate: Using FreeType 2.6.0
[2018.10.11-21.09.48:529][  0]LogSlate: SlateFontServices - WITH_FREETYPE: 1, WITH_HARFBUZZ: 1
[2018.10.11-21.09.48:643][  0]LogAssetRegistry: FAssetRegistry took 0.0299 seconds to start up
[2018.10.11-21.09.49:294][  0]LogInit: Selected Device Profile: [Windows]
[2018.10.11-21.09.49:529][  0]LogSimplygon: Simplygon DLL not present - disabling.
[2018.10.11-21.09.49:535][  0]LogMeshReduction: Using SimplygonSwarm for distributed automatic mesh merging
[2018.10.11-21.09.49:535][  0]LogMeshReduction: Using ProxyLODMeshReduction for automatic mesh merging
[2018.10.11-21.09.49:535][  0]LogMeshReduction: Using QuadricMeshReduction for automatic static mesh reduction
[2018.10.11-21.09.49:535][  0]LogMeshReduction: No automatic skeletal mesh reduction module available
[2018.10.11-21.09.49:571][  0]LogNetVersion: DashPunchPrototype 1.0.0, NetCL: 4212847, EngineNetVer: 5, GameNetVer: 0 (Checksum: 2960470594)
[2018.10.11-21.09.50:502][  0]LogPackageLocalizationCache: Processed 11 localized package path(s) for 2 prioritized culture(s) in 0.173747 seconds
[2018.10.11-21.09.50:512][  0]LogUObjectArray: 38425 objects as part of root set at end of initial load.
[2018.10.11-21.09.50:512][  0]LogUObjectAllocator: 6690864 out of 0 bytes used by permanent object pool.
[2018.10.11-21.09.50:512][  0]LogUObjectArray: CloseDisregardForGC: 0/0 objects in disregard for GC pool
[2018.10.11-21.09.51:654][  0]LogWmfMedia: Failed to load mf.dll
[2018.10.11-21.09.51:654][  0]LogWmfMedia: Failed to load required Windows Media Foundation libraries
[2018.10.11-21.09.51:656][  0]LogWindowsMoviePlayer: Could not load mf.dll. Library not found.
[2018.10.11-21.09.51:657][  0]LogWindowsMoviePlayer: Could not load mfplat.dll. Library not found.
[2018.10.11-21.09.51:658][  0]LogWindowsMoviePlayer: Could not load mfplay.dll. Library not found.
[2018.10.11-21.09.52:037][  0]LogTcpMessaging: Initializing TcpMessaging bridge
[2018.10.11-21.09.52:052][  0]LogUdpMessaging: Initializing bridge on interface 0.0.0.0:0 to multicast group 230.0.0.1:6666.
[2018.10.11-21.09.52:260][  0]SourceControl: Source control is disabled
[2018.10.11-21.09.52:260][  0]SourceControl: Source control is disabled
[2018.10.11-21.09.52:262][  0]SourceControl: Source control is disabled
[2018.10.11-21.09.52:263][  0]SourceControl: Source control is disabled
[2018.10.11-21.09.52:491][  0]LogAndroidPermission: UAndroidPermissionCallbackProxy::GetInstance
[2018.10.11-21.09.52:676][  0]LogOcInput: OculusInput pre-init called
[2018.10.11-21.09.52:774][  0]LogEngine: Initializing Engine...
[2018.10.11-21.09.52:814][  0]LogHMD: Failed to initialize OpenVR with code 126
[2018.10.11-21.09.52:817][  0]LogStats: UGameplayTagsManager::ConstructGameplayTagTree: ImportINI prefixes -  0.000 s
[2018.10.11-21.09.52:817][  0]LogStats: UGameplayTagsManager::ConstructGameplayTagTree: Construct from data asset -  0.000 s
[2018.10.11-21.09.52:817][  0]LogStats: UGameplayTagsManager::ConstructGameplayTagTree: ImportINI -  0.000 s
[2018.10.11-21.09.52:817][  0]LogStats: UGameplayTagsManager::ConstructGameplayTagTree: GameplayTagTreeChangedEvent.Broadcast -  0.000 s
[2018.10.11-21.09.53:230][  0]LogInit: Initializing FReadOnlyCVARCache
[2018.10.11-21.09.53:251][  0]LogAIModule: Creating AISystem for world Untitled
[2018.10.11-21.09.53:340][  0]LogInit: XAudio2 using 'Headset Earphone (HyperX Virtual Surround Sound)' : 2 channels at 48 kHz using 16 bits per sample (channel mask 0x3)
[2018.10.11-21.09.53:375][  0]LogInit: FAudioDevice initialized.
[2018.10.11-21.09.53:375][  0]LogNetVersion: Set ProjectVersion to 1.0.0.0. Version Checksum will be recalculated on next use.
[2018.10.11-21.09.53:512][  0]LogDerivedDataCache: Saved boot cache 0.14s 72MB C:/Users/theco/AppData/Local/UnrealEngine/4.20/DerivedDataCache/Boot.ddc.
[2018.10.11-21.09.53:524][  0]LogInit: Texture streaming: Enabled
[2018.10.11-21.09.53:552][  0]LogEngineSessionManager: EngineSessionManager initialized
[2018.10.11-21.09.53:578][  0]LogInit: Transaction tracking system initialized
[2018.10.11-21.09.53:614][  0]BlueprintLog: New page: Editor Load
[2018.10.11-21.09.53:736][  0]LocalizationService: Localization service is disabled
[2018.10.11-21.09.54:161][  0]LogCook: Display: Max memory allowance for cook 16384mb min free memory 0mb
[2018.10.11-21.09.54:161][  0]LogCook: Display: Mobile HDR setting 1
[2018.10.11-21.09.54:161][  0]LogGameplayTags: Display: UGameplayTagsManager::DoneAddingNativeTags. DelegateIsBound: 0
[2018.10.11-21.09.54:161][  0]LogStats: UGameplayTagsManager::ConstructGameplayTagTree: ImportINI prefixes -  0.000 s
[2018.10.11-21.09.54:162][  0]LogStats: UGameplayTagsManager::ConstructGameplayTagTree: Construct from data asset -  0.000 s
[2018.10.11-21.09.54:162][  0]LogStats: UGameplayTagsManager::ConstructGameplayTagTree: ImportINI -  0.000 s
[2018.10.11-21.09.54:162][  0]LogStats: UGameplayTagsManager::ConstructGameplayTagTree: GameplayTagTreeChangedEvent.Broadcast -  0.000 s
[2018.10.11-21.09.54:369][  0]LogFileCache: Scanning file cache for directory 'C:/Users/theco/Desktop/DashPunch/DashPunchPrototype/Content/' took 0.02s
[2018.10.11-21.09.54:369][  0]SourceControl: Source control is disabled
[2018.10.11-21.09.54:369][  0]Cmd: MAP LOAD FILE="../../../../../../Users/theco/Desktop/DashPunch/DashPunchPrototype/Content/VirtualRealityBP/Maps/MotionControllerMap.umap" TEMPLATE=0 SHOWPROGRESS=1 FEATURELEVEL=3
[2018.10.11-21.09.54:370][  0]LightingResults: New page: Lighting Build
[2018.10.11-21.09.54:375][  0]MapCheck: New page: Map Check
[2018.10.11-21.09.54:375][  0]LightingResults: New page: Lighting Build
[2018.10.11-21.09.55:755][  0]LogAIModule: Creating AISystem for world MotionControllerMap
[2018.10.11-21.09.55:776][  0]LogEditorServer: Finished looking for orphan Actors (0.000 secs)
[2018.10.11-21.09.55:816][  0]Cmd: MAP CHECKDEP NOCLEARLOG
[2018.10.11-21.09.55:990][  0]MapCheck: Map check complete: 0 Error(s), 0 Warning(s), took 173.182ms to complete.
[2018.10.11-21.09.55:990][  0]LogFileHelpers: Loading map 'MotionControllerMap' took 1.621
[2018.10.11-21.09.56:131][  0]LogSlate: Updating window title bar state: overlay mode, drag disabled, window buttons hidden, title bar hidden
[2018.10.11-21.09.56:144][  0]LogSlate: Updating window title bar state: overlay mode, drag disabled, window buttons hidden, title bar hidden
[2018.10.11-21.09.56:159][  0]LogSlate: Updating window title bar state: overlay mode, drag disabled, window buttons hidden, title bar hidden
[2018.10.11-21.09.56:178][  0]LogSlate: Updating window title bar state: overlay mode, drag disabled, window buttons hidden, title bar hidden
[2018.10.11-21.09.56:189][  0]LogCollectionManager: Loaded 0 collections in 0.003382 seconds
[2018.10.11-21.09.56:242][  0]LogFileCache: Scanning file cache for directory 'C:/Users/theco/Desktop/DashPunch/DashPunchPrototype/Saved/Collections/' took 0.01s
[2018.10.11-21.09.56:242][  0]LogFileCache: Scanning file cache for directory 'C:/Users/theco/Desktop/DashPunch/DashPunchPrototype/Content/Developers/theco/Collections/' took 0.01s
[2018.10.11-21.09.56:242][  0]LogFileCache: Scanning file cache for directory 'C:/Users/theco/Desktop/DashPunch/DashPunchPrototype/Content/Collections/' took 0.01s
[2018.10.11-21.09.56:242][  0]LogCollectionManager: Rebuilt the GUID cache for 0 collections in 0.000001 seconds
[2018.10.11-21.09.56:263][  0]LogContentBrowser: Native class hierarchy populated in 0.0210 seconds. Added 2572 classes and 603 folders.
[2018.10.11-21.09.56:277][  0]LogContentBrowser: Native class hierarchy updated for 'WidgetCarousel' in 0.0004 seconds. Added 0 classes and 0 folders.
[2018.10.11-21.09.56:379][  0]LogContentBrowser: Native class hierarchy updated for 'AddContentDialog' in 0.0004 seconds. Added 0 classes and 0 folders.
[2018.10.11-21.09.56:391][  0]LogContentBrowser: Native class hierarchy updated for 'SceneOutliner' in 0.0007 seconds. Added 1 classes and 2 folders.
[2018.10.11-21.09.56:418][  0]LogSlate: Took 0.000321 seconds to synchronously load lazily loaded font '../../../Engine/Content/Slate/Fonts/Roboto-Regular.ttf' (155K)
[2018.10.11-21.09.56:423][  0]LogSlate: Took 0.000434 seconds to synchronously load lazily loaded font '../../../Engine/Content/Slate/Fonts/Roboto-Bold.ttf' (160K)
[2018.10.11-21.09.56:435][  0]LogSlate: Took 0.000412 seconds to synchronously load lazily loaded font '../../../Engine/Content/Editor/Slate/Fonts/FontAwesome.ttf' (139K)
[2018.10.11-21.09.56:602][  0]LogRenderer: Reallocating scene render targets to support 1208x576 Format 26 NumSamples 1 (Frame:1).
[2018.10.11-21.09.56:798][  0]LogSlate: FSceneViewport::OnFocusLost() reason 2
[2018.10.11-21.09.56:826][  0]LogSlate: Window 'Tutorials' being destroyed
[2018.10.11-21.09.56:863][  0]LogContentBrowser: Native class hierarchy updated for 'HierarchicalLODOutliner' in 0.0004 seconds. Added 0 classes and 0 folders.
[2018.10.11-21.09.56:863][  0]LogLoad: (Engine Initialization) Total time: 16.24 seconds
[2018.10.11-21.09.56:863][  0]LogLoad: (Engine Initialization) Total Blueprint compile time: 0.00 seconds
[2018.10.11-21.09.56:899][  0]LogContentStreaming: Texture pool size now 1000 MB
[2018.10.11-21.09.56:957][  0]LogSlate: Took 0.000376 seconds to synchronously load lazily loaded font '../../../Engine/Content/Slate/Fonts/Roboto-Light.ttf' (167K)
[2018.10.11-21.09.57:940][ 63]LogSlate: Took 0.000396 seconds to synchronously load lazily loaded font '../../../Engine/Content/Slate/Fonts/Roboto-Light.ttf' (167K)
[2018.10.11-21.10.00:384][268]LogEditorViewport: Clicking on Actor (LMB): Emitter (ShotgunBurstDigital3D_Particle)
[2018.10.11-21.10.05:712][667]LogAssetRegistry: Asset discovery search completed in 17.0915 seconds
[2018.10.11-21.10.05:715][667]LogCollectionManager: Rebuilt the object cache for 0 collections in 0.000001 seconds (found 0 objects)
[2018.10.11-21.10.05:715][667]LogCollectionManager: Fixed up redirectors for 0 collections in 0.000083 seconds (updated 0 objects)
[2018.10.11-21.10.13:465][250]LogSlate: FSceneViewport::OnFocusLost() reason 0
[2018.10.11-21.10.18:200][611]LogSlate: FSceneViewport::OnFocusLost() reason 2
[2018.10.11-21.10.19:693][722]LogAssetEditorManager: Opening Asset editor for ParticleSystem /Game/VFX/ShotgunBurstDigital3D_Particle.ShotgunBurstDigital3D_Particle
[2018.10.11-21.10.19:747][722]LogContentBrowser: Native class hierarchy updated for 'Cascade' in 0.0005 seconds. Added 2 classes and 2 folders.
[2018.10.11-21.10.20:060][722]LogRenderer: Reallocating scene render targets to support 1208x604 Format 26 NumSamples 1 (Frame:1).
[2018.10.11-21.10.22:735][847]LogSlate: FSceneViewport::OnFocusLost() reason 2
[2018.10.11-21.10.30:807][289]LogSlate: FSceneViewport::OnFocusLost() reason 0
[2018.10.11-21.10.31:059][294]LogSavePackage: Moving '../../../../../../Users/theco/Desktop/DashPunch/DashPunchPrototype/Saved/ShotgunBurstDigital3D_Particle22A27FA34ACB77FEF0610380B513E03F.tmp' to '../../../../../../Users/theco/Desktop/DashPunch/DashPunchPrototype/Content/VFX/ShotgunBurstDigital3D_Particle.uasset'
[2018.10.11-21.10.36:455][588]LogSlate: FSceneViewport::OnFocusLost() reason 0
[2018.10.11-21.10.48:530][251]LogSlate: FSceneViewport::OnFocusLost() reason 2
[2018.10.11-21.10.49:058][251]LogSavePackage: Moving '../../../../../../Users/theco/Desktop/DashPunch/DashPunchPrototype/Saved/MotionControllerMapCBFC70724C0855810BC1B5AB5F775DDF.tmp' to '../../../../../../Users/theco/Desktop/DashPunch/DashPunchPrototype/Content/VirtualRealityBP/Maps/MotionControllerMap.umap'
[2018.10.11-21.10.49:125][251]LogFileHelpers: Saving map 'MotionControllerMap' took 0.587
[2018.10.11-21.10.51:230][361]LogSlate: FSceneViewport::OnFocusLost() reason 0
[2018.10.11-21.10.52:444][421]LogAssetEditorManager: Opening Asset editor for StaticMesh /Game/VFX/Meshes/ExplosionRing.ExplosionRing
[2018.10.11-21.10.53:504][421]LogRenderer: Reallocating scene render targets to support 1912x1284 Format 26 NumSamples 1 (Frame:1).
[2018.10.11-21.10.53:504][421]LogSlate: Took 0.007003 seconds to synchronously load lazily loaded font '../../../Engine/Content/Slate/Fonts/Roboto-Italic.ttf' (157K)
[2018.10.11-21.11.05:088][227]LogEditorFactories: Performing atomic reimport of [C:/Users/theco/Documents/ExplosionRing.fbx]
[2018.10.11-21.11.05:141][227]LogFbx: Loading FBX Scene from C:/Users/theco/Documents/ExplosionRing.fbx
[2018.10.11-21.11.05:153][227]LogFbx: FBX Scene Loaded Succesfully
[2018.10.11-21.11.05:155][227]LogFbx: Warning: Triangulating static mesh Circle
[2018.10.11-21.11.05:184][227]LogStaticMesh: Building static mesh ExplosionRing...
[2018.10.11-21.11.05:189][227]LogStaticMesh: Built static mesh [0.01s] /Game/VFX/Meshes/ExplosionRing.ExplosionRing
[2018.10.11-21.11.05:199][227]LogEditorFactories: -- imported successfully
[2018.10.11-21.11.05:211][227]FBXImport: Warning: No smoothing group information was found in this FBX scene.  Please make sure to enable the 'Export Smoothing Groups' option in the FBX Exporter plug-in before exporting the file.  Even for tools that don't support smoothing groups, the FBX Exporter will generate appropriate smoothing data at export-time so that correct vertex normals can be inferred while importing. 
[2018.10.11-21.11.07:083][346]Cmd: OBJ SAVEPACKAGE PACKAGE="/Game/VFX/Meshes/ExplosionRing" FILE="../../../../../../Users/theco/Desktop/DashPunch/DashPunchPrototype/Content/VFX/Meshes/ExplosionRing.uasset" SILENT=true
[2018.10.11-21.11.07:139][346]LogSavePackage: Moving '../../../../../../Users/theco/Desktop/DashPunch/DashPunchPrototype/Saved/ExplosionRing2174682441D3CB9D9F410CA65A23C8DC.tmp' to '../../../../../../Users/theco/Desktop/DashPunch/DashPunchPrototype/Content/VFX/Meshes/ExplosionRing.uasset'
[2018.10.11-21.11.17:198][ 76]LogSlate: FSceneViewport::OnFocusLost() reason 2
[2018.10.11-21.11.27:444][896]LogSlate: FSceneViewport::OnFocusLost() reason 2
[2018.10.11-21.11.31:466][160]LogSlate: FSceneViewport::OnFocusLost() reason 0
[2018.10.11-21.11.31:741][171]LogSavePackage: Moving '../../../../../../Users/theco/Desktop/DashPunch/DashPunchPrototype/Saved/ShotgunBurstDigital3D_Particle614D20DA4CBC48923A19529DB3A188DD.tmp' to '../../../../../../Users/theco/Desktop/DashPunch/DashPunchPrototype/Content/VFX/ShotgunBurstDigital3D_Particle.uasset'
[2018.10.11-21.11.56:099][998]LogSlate: FSceneViewport::OnFocusLost() reason 0
[2018.10.11-21.13.02:224][ 41]Cmd: OBJ SAVEPACKAGE PACKAGE="/Game/VFX/Meshes/ExplosionRing" FILE="../../../../../../Users/theco/Desktop/DashPunch/DashPunchPrototype/Content/VFX/Meshes/ExplosionRing.uasset" SILENT=true
[2018.10.11-21.13.02:262][ 41]LogSavePackage: Moving '../../../../../../Users/theco/Desktop/DashPunch/DashPunchPrototype/Saved/ExplosionRingFDA48A754107F7307750809C9A8C4149.tmp' to '../../../../../../Users/theco/Desktop/DashPunch/DashPunchPrototype/Content/VFX/Meshes/ExplosionRing.uasset'
[2018.10.11-21.13.04:866][180]LogAssetEditorManager: Opening Asset editor for StaticMesh /Game/VFX/Meshes/RingThick.RingThick
[2018.10.11-21.13.17:815][888]LogEditorFactories: Performing atomic reimport of [C:/Users/theco/Documents/RingThick.fbx]
[2018.10.11-21.13.17:863][888]LogFbx: Loading FBX Scene from C:/Users/theco/Documents/RingThick.fbx
[2018.10.11-21.13.17:874][888]LogFbx: FBX Scene Loaded Succesfully
[2018.10.11-21.13.17:875][888]LogFbx: Warning: Triangulating static mesh Circle
[2018.10.11-21.13.17:925][888]LogStaticMesh: Building static mesh RingThick...
[2018.10.11-21.13.17:930][888]LogStaticMesh: Built static mesh [0.01s] /Game/VFX/Meshes/RingThick.RingThick
[2018.10.11-21.13.17:933][888]LogStaticMesh: Warning: RingThick has degenerate tangent bases which will result in incorrect shading.  MikkTSpace relies on tangent bases and may result in mesh corruption, consider disabling this option.
[2018.10.11-21.13.17:933][888]LogStaticMesh: Warning: RingThick has some nearly zero bi-normals which can create some issues. (Tolerance of 1E-4)
[2018.10.11-21.13.17:936][888]LogEditorFactories: -- imported successfully
[2018.10.11-21.13.17:950][888]FBXImport: Warning: No smoothing group information was found in this FBX scene.  Please make sure to enable the 'Export Smoothing Groups' option in the FBX Exporter plug-in before exporting the file.  Even for tools that don't support smoothing groups, the FBX Exporter will generate appropriate smoothing data at export-time so that correct vertex normals can be inferred while importing. 
[2018.10.11-21.13.17:950][888]FBXImport: Warning: RingThick has degenerate tangent bases which will result in incorrect shading.  MikkTSpace relies on tangent bases and may result in mesh corruption, consider disabling this option. 
[2018.10.11-21.13.17:950][888]FBXImport: Warning: RingThick has some nearly zero bi-normals which can create some issues. (Tolerance of 1E-4) 
[2018.10.11-21.13.19:571][961]Cmd: OBJ SAVEPACKAGE PACKAGE="/Game/VFX/Meshes/RingThick" FILE="../../../../../../Users/theco/Desktop/DashPunch/DashPunchPrototype/Content/VFX/Meshes/RingThick.uasset" SILENT=true
[2018.10.11-21.13.19:632][961]LogSavePackage: Moving '../../../../../../Users/theco/Desktop/DashPunch/DashPunchPrototype/Saved/RingThick29E876C746A769C6A3C85BA3332092A6.tmp' to '../../../../../../Users/theco/Desktop/DashPunch/DashPunchPrototype/Content/VFX/Meshes/RingThick.uasset'
[2018.10.11-21.13.27:620][313]LogSlate: FSceneViewport::OnFocusLost() reason 0
[2018.10.11-21.13.59:674][735]LogSlate: FSceneViewport::OnFocusLost() reason 0
[2018.10.11-21.14.04:487][938]LogSlate: FSceneViewport::OnFocusLost() reason 0
[2018.10.11-21.14.12:471][282]LogSlate: FSceneViewport::OnFocusLost() reason 0
[2018.10.11-21.14.12:895][286]LogSavePackage: Moving '../../../../../../Users/theco/Desktop/DashPunch/DashPunchPrototype/Saved/MotionControllerMapF5AF398C46A056C35B25A58C4C3EC6A5.tmp' to '../../../../../../Users/theco/Desktop/DashPunch/DashPunchPrototype/Content/VirtualRealityBP/Maps/MotionControllerMap.umap'
[2018.10.11-21.14.14:308][337]LogSlate: FSceneViewport::OnFocusLost() reason 2
[2018.10.11-21.14.14:445][337]LogSavePackage: Moving '../../../../../../Users/theco/Desktop/DashPunch/DashPunchPrototype/Saved/ShotgunBurstDigital3D_ParticleEC2DD24F4F562BDA2136DE80862A5CA6.tmp' to '../../../../../../Users/theco/Desktop/DashPunch/DashPunchPrototype/Content/VFX/ShotgunBurstDigital3D_Particle.uasset'
[2018.10.11-21.14.15:140][371]LogSlate: Window 'ShotgunBurstDigital3D_Particle' being destroyed
[2018.10.11-21.14.15:145][371]LogSlate: Window 'ShotgunBurstDigital3D_Particle' being destroyed
[2018.10.11-21.14.15:145][371]LogCascade: Quitting Cascade. FXSystem=0x000001D5D8E149A0
[2018.10.11-21.14.18:327][477]LogSlate: Window 'DashPunchPrototype - Unreal Editor' being destroyed
[2018.10.11-21.14.18:328][477]LogWindowsTextInputMethodSystem: Display: IME system now deactivated.
[2018.10.11-21.14.18:605][478]Cmd: QUIT_EDITOR
[2018.10.11-21.14.18:659][478]LogExit: Preparing to exit.
[2018.10.11-21.14.19:255][478]LogExit: Editor shut down
[2018.10.11-21.14.19:256][478]LogExit: Transaction tracking system shut down
[2018.10.11-21.14.19:678][478]LogExit: Object subsystem successfully closed.
[2018.10.11-21.14.19:711][478]LogShaderCompilers: Display: Shaders left to compile 0
[2018.10.11-21.14.19:717][478]LogD3D11RHI: Shutdown
[2018.10.11-21.14.19:717][478]LogD3D11RHI: CleanupD3DDevice
[2018.10.11-21.14.19:721][478]LogD3D11RHI: ~FD3D11DynamicRHI
[2018.10.11-21.14.19:769][478]LogModuleManager: Shutting down and abandoning module MeshBuilder (618)
[2018.10.11-21.14.19:769][478]LogModuleManager: Shutting down and abandoning module StaticMeshEditor (616)
[2018.10.11-21.14.19:769][478]LogModuleManager: Shutting down and abandoning module DistCurveEditor (614)
[2018.10.11-21.14.19:769][478]LogModuleManager: Shutting down and abandoning module Cascade (612)
[2018.10.11-21.14.19:769][478]LogModuleManager: Shutting down and abandoning module HierarchicalLODOutliner (610)
[2018.10.11-21.14.19:769][478]LogModuleManager: Shutting down and abandoning module SceneOutliner (608)
[2018.10.11-21.14.19:769][478]LogModuleManager: Shutting down and abandoning module AddContentDialog (606)
[2018.10.11-21.14.19:769][478]LogModuleManager: Shutting down and abandoning module WidgetCarousel (605)
[2018.10.11-21.14.19:769][478]LogModuleManager: Shutting down and abandoning module EditorWidgets (602)
[2018.10.11-21.14.19:769][478]LogModuleManager: Shutting down and abandoning module CollectionManager (600)
[2018.10.11-21.14.19:770][478]LogModuleManager: Shutting down and abandoning module StatsViewer (598)
[2018.10.11-21.14.19:770][478]LogModuleManager: Shutting down and abandoning module FoliageEdit (596)
[2018.10.11-21.14.19:770][478]LogModuleManager: Shutting down and abandoning module LandscapeEditor (594)
[2018.10.11-21.14.19:770][478]LogModuleManager: Shutting down and abandoning module MeshPaintMode (592)
[2018.10.11-21.14.19:770][478]LogModuleManager: Shutting down and abandoning module SceneDepthPickerMode (590)
[2018.10.11-21.14.19:770][478]LogModuleManager: Shutting down and abandoning module ActorPickerMode (588)
[2018.10.11-21.14.19:770][478]LogModuleManager: Shutting down and abandoning module GeometryMode (586)
[2018.10.11-21.14.19:770][478]LogModuleManager: Shutting down and abandoning module TextureAlignMode (584)
[2018.10.11-21.14.19:770][478]LogModuleManager: Shutting down and abandoning module BspMode (582)
[2018.10.11-21.14.19:770][478]LogModuleManager: Shutting down and abandoning module PIEPreviewDeviceProfileSelector (580)
[2018.10.11-21.14.19:770][478]LogModuleManager: Shutting down and abandoning module SequenceRecorderSections (578)
[2018.10.11-21.14.19:770][478]LogModuleManager: Shutting down and abandoning module AutomationWorker (576)
[2018.10.11-21.14.19:771][478]LogModuleManager: Shutting down and abandoning module AudioCaptureEditor (574)
[2018.10.11-21.14.19:771][478]LogModuleManager: Shutting down and abandoning module SequenceRecorder (573)
[2018.10.11-21.14.19:771][478]LogModuleManager: Shutting down and abandoning module MatineeToLevelSequence (570)
[2018.10.11-21.14.19:771][478]LogModuleManager: Shutting down and abandoning module LevelSequenceEditor (568)
[2018.10.11-21.14.19:771][478]LogModuleManager: Shutting down and abandoning module PlacementMode (567)
[2018.10.11-21.14.19:771][478]LogModuleManager: Shutting down and abandoning module MaterialEditor (566)
[2018.10.11-21.14.19:771][478]LogModuleManager: Shutting down and abandoning module WmfMediaFactory (562)
[2018.10.11-21.14.19:771][478]LogModuleManager: Shutting down and abandoning module WmfMediaEditor (560)
[2018.10.11-21.14.19:771][478]LogModuleManager: Shutting down and abandoning module MediaPlayerEditor (558)
[2018.10.11-21.14.19:771][478]LogModuleManager: Shutting down and abandoning module OpenExrWrapper (556)
[2018.10.11-21.14.19:771][478]LogModuleManager: Shutting down and abandoning module ImgMediaFactory (554)
[2018.10.11-21.14.19:771][478]LogModuleManager: Shutting down and abandoning module ImgMediaEditor (552)
[2018.10.11-21.14.19:771][478]LogModuleManager: Shutting down and abandoning module AvfMediaFactory (550)
[2018.10.11-21.14.19:771][478]LogModuleManager: Shutting down and abandoning module AvfMediaEditor (548)
[2018.10.11-21.14.19:771][478]LogModuleManager: Shutting down and abandoning module AndroidMediaFactory (546)
[2018.10.11-21.14.19:771][478]LogModuleManager: Shutting down and abandoning module AndroidMediaEditor (544)
[2018.10.11-21.14.19:771][478]LogModuleManager: Shutting down and abandoning module MagicLeapCameraPreviewFactory (542)
[2018.10.11-21.14.19:772][478]LogModuleManager: Shutting down and abandoning module MagicLeapMediaFactory (540)
[2018.10.11-21.14.19:772][478]LogModuleManager: Shutting down and abandoning module MagicLeapMediaEditor (538)
[2018.10.11-21.14.19:772][478]LogModuleManager: Shutting down and abandoning module CharacterAI (536)
[2018.10.11-21.14.19:772][478]LogModuleManager: Shutting down and abandoning module SmartSnapping (534)
[2018.10.11-21.14.19:772][478]LogModuleManager: Shutting down and abandoning module SessionServices (532)
[2018.10.11-21.14.19:772][478]LogModuleManager: Shutting down and abandoning module ViewportSnapping (530)
[2018.10.11-21.14.19:772][478]LogModuleManager: Shutting down and abandoning module ViewportInteraction (528)
[2018.10.11-21.14.19:772][478]LogModuleManager: Shutting down and abandoning module ClothPainter (526)
[2018.10.11-21.14.19:772][478]LogModuleManager: Shutting down and abandoning module SkeletalMeshEditor (525)
[2018.10.11-21.14.19:772][478]LogModuleManager: Shutting down and abandoning module LogVisualizer (522)
[2018.10.11-21.14.19:772][478]LogModuleManager: Shutting down and abandoning module IntroTutorials (520)
[2018.10.11-21.14.19:772][478]LogModuleManager: Shutting down and abandoning module GameProjectGeneration (519)
[2018.10.11-21.14.19:772][478]LogModuleManager: Shutting down and abandoning module LuminPlatformEditor (516)
[2018.10.11-21.14.19:772][478]LogModuleManager: Shutting down and abandoning module IOSPlatformEditor (514)
[2018.10.11-21.14.19:772][478]LogModuleManager: Shutting down and abandoning module HTML5PlatformEditor (512)
[2018.10.11-21.14.19:772][478]LogModuleManager: Shutting down and abandoning module AndroidPlatformEditor (510)
[2018.10.11-21.14.19:773][478]LogModuleManager: Shutting down and abandoning module AndroidDeviceDetection (509)
[2018.10.11-21.14.19:936][478]LogModuleManager: Shutting down and abandoning module WindowsPlatformEditor (506)
[2018.10.11-21.14.19:936][478]LogModuleManager: Shutting down and abandoning module LuminRuntimeSettings (504)
[2018.10.11-21.14.19:936][478]LogModuleManager: Shutting down and abandoning module IOSRuntimeSettings (502)
[2018.10.11-21.14.19:936][478]LogModuleManager: Shutting down and abandoning module AndroidRuntimeSettings (500)
[2018.10.11-21.14.19:936][478]LogModuleManager: Shutting down and abandoning module InputBindingEditor (498)
[2018.10.11-21.14.19:937][478]LogModuleManager: Shutting down and abandoning module MergeActors (496)
[2018.10.11-21.14.19:937][478]LogModuleManager: Shutting down and abandoning module LocalizationDashboard (494)
[2018.10.11-21.14.19:937][478]LogModuleManager: Shutting down and abandoning module LocalizationService (493)
[2018.10.11-21.14.19:937][478]LogModuleManager: Shutting down and abandoning module HardwareTargeting (490)
[2018.10.11-21.14.19:937][478]LogModuleManager: Shutting down and abandoning module DeviceProfileEditor (488)
[2018.10.11-21.14.19:937][478]LogModuleManager: Shutting down and abandoning module UndoHistory (486)
[2018.10.11-21.14.19:937][478]LogModuleManager: Shutting down and abandoning module XmlParser (484)
[2018.10.11-21.14.19:937][478]LogModuleManager: Shutting down and abandoning module Blutility (482)
[2018.10.11-21.14.19:937][478]LogModuleManager: Shutting down and abandoning module ProjectSettingsViewer (480)
[2018.10.11-21.14.19:937][478]LogModuleManager: Shutting down and abandoning module ProjectTargetPlatformEditor (479)
[2018.10.11-21.14.19:937][478]LogModuleManager: Shutting down and abandoning module EditorSettingsViewer (476)
[2018.10.11-21.14.19:937][478]LogModuleManager: Shutting down and abandoning module SettingsEditor (474)
[2018.10.11-21.14.19:937][478]LogModuleManager: Shutting down and abandoning module ProjectLauncher (472)
[2018.10.11-21.14.19:938][478]LogModuleManager: Shutting down and abandoning module SessionFrontend (470)
[2018.10.11-21.14.19:938][478]LogModuleManager: Shutting down and abandoning module ProfilerClient (468)
[2018.10.11-21.14.19:938][478]LogModuleManager: Shutting down and abandoning module DeviceManager (466)
[2018.10.11-21.14.19:938][478]LogModuleManager: Shutting down and abandoning module TargetDeviceServices (465)
[2018.10.11-21.14.19:993][478]LogModuleManager: Shutting down and abandoning module AutomationController (462)
[2018.10.11-21.14.19:993][478]LogModuleManager: Shutting down and abandoning module AutomationWindow (460)
[2018.10.11-21.14.19:993][478]LogModuleManager: Shutting down and abandoning module Layers (458)
[2018.10.11-21.14.19:993][478]LogModuleManager: Shutting down and abandoning module ComponentVisualizers (456)
[2018.10.11-21.14.19:993][478]LogModuleManager: Shutting down and abandoning module DetailCustomizations (454)
[2018.10.11-21.14.19:993][478]LogModuleManager: Shutting down and abandoning module PackagesDialog (452)
[2018.10.11-21.14.19:993][478]LogModuleManager: Shutting down and abandoning module Persona (450)
[2018.10.11-21.14.19:993][478]LogModuleManager: Shutting down and abandoning module AdvancedPreviewScene (449)
[2018.10.11-21.14.19:993][478]LogModuleManager: Shutting down and abandoning module AnimGraph (447)
[2018.10.11-21.14.19:993][478]LogModuleManager: Shutting down and abandoning module Kismet (444)
[2018.10.11-21.14.19:994][478]LogModuleManager: Shutting down and abandoning module GraphEditor (442)
[2018.10.11-21.14.19:994][478]LogModuleManager: Shutting down and abandoning module ClassViewer (440)
[2018.10.11-21.14.19:994][478]LogModuleManager: Shutting down and abandoning module Toolbox (438)
[2018.10.11-21.14.19:995][478]LogModuleManager: Shutting down and abandoning module ModuleUI (436)
[2018.10.11-21.14.19:995][478]LogModuleManager: Shutting down and abandoning module MovieSceneTools (434)
[2018.10.11-21.14.19:995][478]LogModuleManager: Shutting down and abandoning module OutputLog (432)
[2018.10.11-21.14.19:995][478]LogModuleManager: Shutting down and abandoning module GammaUI (430)
[2018.10.11-21.14.19:995][478]LogModuleManager: Shutting down and abandoning module Documentation (428)
[2018.10.11-21.14.19:995][478]LogModuleManager: Shutting down and abandoning module MovieSceneTracks (426)
[2018.10.11-21.14.19:995][478]LogModuleManager: Shutting down and abandoning module MovieScene (424)
[2018.10.11-21.14.19:995][478]LogModuleManager: Shutting down and abandoning module StreamingPauseRendering (422)
[2018.10.11-21.14.19:995][478]LogModuleManager: Shutting down and abandoning module LauncherPlatform (420)
[2018.10.11-21.14.19:995][478]LogModuleManager: Shutting down and abandoning module AnalyticsET (418)
[2018.10.11-21.14.19:995][478]LogModuleManager: Shutting down and abandoning module PortalServices (416)
[2018.10.11-21.14.19:995][478]LogModuleManager: Shutting down and abandoning module PortalRpc (414)
[2018.10.11-21.14.19:995][478]LogModuleManager: Shutting down and abandoning module MessagingRpc (412)
[2018.10.11-21.14.19:995][478]LogModuleManager: Shutting down and abandoning module AIModule (410)
[2018.10.11-21.14.19:995][478]LogModuleManager: Shutting down and abandoning module GameplayDebugger (409)
[2018.10.11-21.14.19:995][478]LogModuleManager: Shutting down and abandoning module AITestSuite (407)
[2018.10.11-21.14.19:995][478]LogModuleManager: Shutting down and abandoning module NavigationSystem (405)
[2018.10.11-21.14.19:995][478]LogModuleManager: Shutting down and abandoning module DesktopPlatform (402)
[2018.10.11-21.14.19:995][478]LogModuleManager: Shutting down and abandoning module ProfilerService (400)
[2018.10.11-21.14.20:232][478]LogModuleManager: Shutting down and abandoning module TaskGraph (398)
[2018.10.11-21.14.20:232][478]LogModuleManager: Shutting down and abandoning module SteamVRController (396)
[2018.10.11-21.14.20:232][478]LogModuleManager: Shutting down and abandoning module ProceduralMeshComponentEditor (394)
[2018.10.11-21.14.20:232][478]LogModuleManager: Shutting down and abandoning module ProceduralMeshComponent (392)
[2018.10.11-21.14.20:232][478]LogModuleManager: Shutting down and abandoning module OculusInput (390)
[2018.10.11-21.14.20:232][478]LogModuleManager: Shutting down and abandoning module MobilePatchingUtils (388)
[2018.10.11-21.14.20:232][478]LogModuleManager: Shutting down and abandoning module EditableMesh (386)
[2018.10.11-21.14.20:232][478]LogModuleManager: Shutting down and abandoning module CustomMeshComponent (384)
[2018.10.11-21.14.20:232][478]LogModuleManager: Shutting down and abandoning module CableComponent (382)
[2018.10.11-21.14.20:232][478]LogModuleManager: Shutting down and abandoning module AudioCapture (380)
[2018.10.11-21.14.20:232][478]LogModuleManager: Shutting down and abandoning module ArchVisCharacter (378)
[2018.10.11-21.14.20:232][478]LogModuleManager: Shutting down and abandoning module AndroidPermission (376)
[2018.10.11-21.14.20:232][478]LogModuleManager: Shutting down and abandoning module NUTUnrealEngine4 (374)
[2018.10.11-21.14.20:232][478]LogModuleManager: Shutting down and abandoning module NetcodeUnitTest (372)
[2018.10.11-21.14.20:232][478]LogModuleManager: Shutting down and abandoning module MediaCompositingEditor (370)
[2018.10.11-21.14.20:232][478]LogModuleManager: Shutting down and abandoning module MediaCompositing (368)
[2018.10.11-21.14.20:232][478]LogModuleManager: Shutting down and abandoning module LinearTimecode (366)
[2018.10.11-21.14.20:232][478]LogModuleManager: Shutting down and abandoning module ImgMedia (364)
[2018.10.11-21.14.20:237][478]LogModuleManager: Shutting down and abandoning module Media (363)
[2018.10.11-21.14.20:243][478]LogModuleManager: Shutting down and abandoning module HTML5Networking (360)
[2018.10.11-21.14.20:243][478]LogModuleManager: Shutting down and abandoning module GeometryCacheTracks (358)
[2018.10.11-21.14.20:243][478]LogModuleManager: Shutting down and abandoning module GeometryCacheSequencer (356)
[2018.10.11-21.14.20:243][478]LogModuleManager: Shutting down and abandoning module BackChannel (354)
[2018.10.11-21.14.20:243][478]LogModuleManager: Shutting down and abandoning module AppleVision (352)
[2018.10.11-21.14.20:243][478]LogModuleManager: Shutting down and abandoning module AppleImageUtils (350)
[2018.10.11-21.14.20:243][478]LogModuleManager: Shutting down and abandoning module AlembicImporter (348)
[2018.10.11-21.14.20:243][478]LogModuleManager: Shutting down and abandoning module AlembicLibrary (347)
[2018.10.11-21.14.20:243][478]LogModuleManager: Shutting down and abandoning module GeometryCache (346)
[2018.10.11-21.14.20:243][478]LogModuleManager: Shutting down and abandoning module GeometryCacheEd (345)
[2018.10.11-21.14.20:243][478]LogModuleManager: Shutting down and abandoning module DatasmithContentEditor (340)
[2018.10.11-21.14.20:244][478]LogModuleManager: Shutting down and abandoning module DatasmithContent (338)
[2018.10.11-21.14.20:244][478]LogModuleManager: Shutting down and abandoning module SpeedTreeImporter (336)
[2018.10.11-21.14.20:244][478]LogModuleManager: Shutting down and abandoning module PluginBrowser (334)
[2018.10.11-21.14.20:244][478]LogModuleManager: Shutting down and abandoning module MobileLauncherProfileWizard (332)
[2018.10.11-21.14.20:244][478]LogModuleManager: Shutting down and abandoning module PolygonModeling (330)
[2018.10.11-21.14.20:244][478]LogModuleManager: Shutting down and abandoning module MeshEditor (328)
[2018.10.11-21.14.20:244][478]LogModuleManager: Shutting down and abandoning module CryptoKeysOpenSSL (326)
[2018.10.11-21.14.20:244][478]LogModuleManager: Shutting down and abandoning module CryptoKeys (324)
[2018.10.11-21.14.20:245][478]LogModuleManager: Shutting down and abandoning module VisualStudioSourceCodeAccess (322)
[2018.10.11-21.14.20:245][478]LogModuleManager: Shutting down and abandoning module VisualStudioCodeSourceCodeAccess (320)
[2018.10.11-21.14.20:245][478]LogModuleManager: Shutting down and abandoning module UObjectPlugin (318)
[2018.10.11-21.14.20:245][478]LogModuleManager: Shutting down and abandoning module SubversionSourceControl (316)
[2018.10.11-21.14.20:245][478]LogModuleManager: Shutting down and abandoning module PerforceSourceControl (314)
[2018.10.11-21.14.20:245][478]LogModuleManager: Shutting down and abandoning module GitSourceControl (312)
[2018.10.11-21.14.20:245][478]LogModuleManager: Shutting down and abandoning module SourceControl (311)
[2018.10.11-21.14.20:245][478]LogModuleManager: Shutting down and abandoning module CLionSourceCodeAccess (308)
[2018.10.11-21.14.20:245][478]LogModuleManager: Shutting down and abandoning module LightPropagationVolumeEditor (306)
[2018.10.11-21.14.20:245][478]LogModuleManager: Shutting down and abandoning module PaperTiledImporter (304)
[2018.10.11-21.14.20:245][478]LogModuleManager: Shutting down and abandoning module PaperSpriteSheetImporter (302)
[2018.10.11-21.14.20:245][478]LogModuleManager: Shutting down and abandoning module Paper2DEditor (300)
[2018.10.11-21.14.20:245][478]LogModuleManager: Shutting down and abandoning module MeshPaint (299)
[2018.10.11-21.14.20:245][478]LogModuleManager: Shutting down and abandoning module RuntimePhysXCooking (296)
[2018.10.11-21.14.20:245][478]LogModuleManager: Shutting down and abandoning module PhysXVehiclesEditor (294)
[2018.10.11-21.14.20:245][478]LogModuleManager: Shutting down and abandoning module PhysXVehicles (292)
[2018.10.11-21.14.20:245][478]LogModuleManager: Shutting down and abandoning module OculusEditor (290)
[2018.10.11-21.14.20:245][478]LogModuleManager: Shutting down and abandoning module LocationServicesBPLibrary (288)
[2018.10.11-21.14.20:246][478]LogModuleManager: Shutting down and abandoning module ImmediatePhysicsEditor (286)
[2018.10.11-21.14.20:246][478]LogModuleManager: Shutting down and abandoning module ImmediatePhysics (284)
[2018.10.11-21.14.20:246][478]LogModuleManager: Shutting down and abandoning module ActorSequence (282)
[2018.10.11-21.14.20:246][478]LogModuleManager: Shutting down and abandoning module UdpMessaging (280)
[2018.10.11-21.14.20:347][478]LogModuleManager: Shutting down and abandoning module TcpMessaging (278)
[2018.10.11-21.14.20:448][478]LogModuleManager: Shutting down and abandoning module MagicLeapAudio (276)
[2018.10.11-21.14.20:448][478]LogModuleManager: Shutting down and abandoning module GameplayTagsEditor (274)
[2018.10.11-21.14.20:448][478]LogModuleManager: Shutting down and abandoning module FacialAnimationEditor (272)
[2018.10.11-21.14.20:448][478]LogModuleManager: Shutting down and abandoning module FacialAnimation (270)
[2018.10.11-21.14.20:448][478]LogModuleManager: Shutting down and abandoning module DataValidation (268)
[2018.10.11-21.14.20:448][478]LogModuleManager: Shutting down and abandoning module AssetManagerEditor (266)
[2018.10.11-21.14.20:448][478]LogModuleManager: Shutting down and abandoning module LevelEditor (265)
[2018.10.11-21.14.20:449][478]LogModuleManager: Shutting down and abandoning module PixelInspectorModule (264)
[2018.10.11-21.14.20:449][478]LogModuleManager: Shutting down and abandoning module CommonMenuExtensions (262)
[2018.10.11-21.14.20:450][478]LogModuleManager: Shutting down and abandoning module MainFrame (260)
[2018.10.11-21.14.20:450][478]LogModuleManager: Shutting down and abandoning module HotReload (259)
[2018.10.11-21.14.20:450][478]LogModuleManager: Shutting down and abandoning module ContentBrowser (255)
[2018.10.11-21.14.20:452][478]LogModuleManager: Shutting down and abandoning module TreeMap (253)
[2018.10.11-21.14.20:452][478]LogModuleManager: Shutting down and abandoning module LightPropagationVolumeRuntime (250)
[2018.10.11-21.14.20:452][478]LogModuleManager: Shutting down and abandoning module AISupportModule (248)
[2018.10.11-21.14.20:452][478]LogModuleManager: Shutting down and abandoning module Paper2D (246)
[2018.10.11-21.14.20:452][478]LogModuleManager: Shutting down and abandoning module WindowsMoviePlayer (244)
[2018.10.11-21.14.20:452][478]LogModuleManager: Shutting down and abandoning module WmfMedia (242)
[2018.10.11-21.14.20:452][478]LogModuleManager: Shutting down and abandoning module PacketHandler (240)
[2018.10.11-21.14.20:452][478]LogModuleManager: Shutting down and abandoning module ClothingSystemEditor (238)
[2018.10.11-21.14.20:452][478]LogModuleManager: Shutting down and abandoning module ClothingSystemRuntime (236)
[2018.10.11-21.14.20:452][478]LogModuleManager: Shutting down and abandoning module MediaAssets (234)
[2018.10.11-21.14.20:452][478]LogModuleManager: Shutting down and abandoning module Overlay (232)
[2018.10.11-21.14.20:452][478]LogModuleManager: Shutting down and abandoning module OverlayEditor (231)
[2018.10.11-21.14.20:452][478]LogModuleManager: Shutting down and abandoning module VREditor (228)
[2018.10.11-21.14.20:452][478]LogModuleManager: Shutting down and abandoning module StringTableEditor (226)
[2018.10.11-21.14.20:452][478]LogModuleManager: Shutting down and abandoning module GameplayTasksEditor (224)
[2018.10.11-21.14.20:452][478]LogModuleManager: Shutting down and abandoning module BehaviorTreeEditor (222)
[2018.10.11-21.14.20:453][478]LogModuleManager: Shutting down and abandoning module FunctionalTesting (220)
[2018.10.11-21.14.20:453][478]LogModuleManager: Shutting down and abandoning module CollisionAnalyzer (218)
[2018.10.11-21.14.20:453][478]LogModuleManager: Shutting down and abandoning module WorkspaceMenuStructure (217)
[2018.10.11-21.14.20:453][478]LogModuleManager: Shutting down and abandoning module UMG (214)
[2018.10.11-21.14.20:453][478]LogModuleManager: Shutting down and abandoning module UMGEditor (213)
[2018.10.11-21.14.20:453][478]LogModuleManager: Shutting down and abandoning module Sequencer (212)
[2018.10.11-21.14.20:453][478]LogModuleManager: Shutting down and abandoning module MessageLog (209)
[2018.10.11-21.14.20:453][478]LogModuleManager: Shutting down and abandoning module SlateReflector (204)
[2018.10.11-21.14.20:453][478]LogModuleManager: Shutting down and abandoning module Slate (202)
[2018.10.11-21.14.20:453][478]LogModuleManager: Shutting down and abandoning module EditorStyle (200)
[2018.10.11-21.14.20:456][478]LogModuleManager: Shutting down and abandoning module MRMesh (198)
[2018.10.11-21.14.20:456][478]LogModuleManager: Shutting down and abandoning module SourceCodeAccess (196)
[2018.10.11-21.14.20:456][478]LogModuleManager: Shutting down and abandoning module HeadMountedDisplay (194)
[2018.10.11-21.14.20:456][478]LogModuleManager: Shutting down and abandoning module XAudio2 (192)
[2018.10.11-21.14.20:456][478]LogModuleManager: Shutting down and abandoning module Networking (190)
[2018.10.11-21.14.20:456][478]LogModuleManager: Shutting down and abandoning module Core (188)
[2018.10.11-21.14.20:456][478]LogModuleManager: Shutting down and abandoning module LevelSequence (186)
[2018.10.11-21.14.20:456][478]LogModuleManager: Shutting down and abandoning module KismetCompiler (184)
[2018.10.11-21.14.20:456][478]LogModuleManager: Shutting down and abandoning module MeshUtilities (182)
[2018.10.11-21.14.20:456][478]LogModuleManager: Shutting down and abandoning module MeshMergeUtilities (181)
[2018.10.11-21.14.20:456][478]LogModuleManager: Shutting down and abandoning module MeshReductionInterface (180)
[2018.10.11-21.14.20:456][478]LogModuleManager: Shutting down and abandoning module SimplygonSwarm (179)
[2018.10.11-21.14.20:457][478]LogModuleManager: Shutting down and abandoning module ProxyLODMeshReduction (177)
[2018.10.11-21.14.20:457][478]LogModuleManager: Shutting down and abandoning module SimplygonMeshReduction (175)
[2018.10.11-21.14.20:457][478]LogModuleManager: Shutting down and abandoning module QuadricMeshReduction (173)
[2018.10.11-21.14.20:457][478]LogModuleManager: Shutting down and abandoning module MaterialBaking (169)
[2018.10.11-21.14.20:457][478]LogModuleManager: Shutting down and abandoning module DirectoryWatcher (165)
[2018.10.11-21.14.20:457][478]LogModuleManager: Shutting down and abandoning module DerivedDataCache (162)
[2018.10.11-21.14.20:555][478]LogDerivedDataCache: Shutdown
[2018.10.11-21.14.20:555][478]LogModuleManager: Shutting down and abandoning module XGEController (160)
[2018.10.11-21.14.20:555][478]LogXGEController: Cleaning working directory: C:/Users/theco/AppData/Local/Temp/UnrealXGEWorkingDir/
[2018.10.11-21.14.20:555][478]LogModuleManager: Shutting down and abandoning module TargetPlatform (158)
[2018.10.11-21.14.20:555][478]LogModuleManager: Shutting down and abandoning module VulkanShaderFormat (157)
[2018.10.11-21.14.20:555][478]LogModuleManager: Shutting down and abandoning module ShaderFormatVectorVM (155)
[2018.10.11-21.14.20:555][478]LogModuleManager: Shutting down and abandoning module ShaderFormatOpenGL (153)
[2018.10.11-21.14.20:555][478]LogModuleManager: Shutting down and abandoning module ShaderFormatD3D (151)
[2018.10.11-21.14.20:555][478]LogModuleManager: Shutting down and abandoning module MetalShaderFormat (149)
[2018.10.11-21.14.20:555][478]LogModuleManager: Shutting down and abandoning module TextureFormatUncompressed (147)
[2018.10.11-21.14.20:555][478]LogModuleManager: Shutting down and abandoning module TextureFormatPVR (145)
[2018.10.11-21.14.20:555][478]LogModuleManager: Shutting down and abandoning module TextureFormatDXT (143)
[2018.10.11-21.14.20:555][478]LogModuleManager: Shutting down and abandoning module TextureFormatIntelISPCTexComp (141)
[2018.10.11-21.14.20:555][478]LogModuleManager: Shutting down and abandoning module TextureFormatASTC (139)
[2018.10.11-21.14.20:556][478]LogModuleManager: Shutting down and abandoning module ImageWrapper (138)
[2018.10.11-21.14.20:556][478]LogModuleManager: Shutting down and abandoning module TextureFormatAndroid (135)
[2018.10.11-21.14.20:556][478]LogModuleManager: Shutting down and abandoning module AudioFormatOpus (133)
[2018.10.11-21.14.20:556][478]LogModuleManager: Shutting down and abandoning module AudioFormatOgg (131)
[2018.10.11-21.14.20:556][478]LogModuleManager: Shutting down and abandoning module AudioFormatADPCM (129)
[2018.10.11-21.14.20:556][478]LogModuleManager: Shutting down and abandoning module LuminTargetPlatform (127)
[2018.10.11-21.14.20:556][478]LogModuleManager: Shutting down and abandoning module LinuxTargetPlatform (125)
[2018.10.11-21.14.20:556][478]LogModuleManager: Shutting down and abandoning module LinuxServerTargetPlatform (123)
[2018.10.11-21.14.20:556][478]LogModuleManager: Shutting down and abandoning module LinuxNoEditorTargetPlatform (121)
[2018.10.11-21.14.20:556][478]LogModuleManager: Shutting down and abandoning module LinuxClientTargetPlatform (119)
[2018.10.11-21.14.20:556][478]LogModuleManager: Shutting down and abandoning module TVOSTargetPlatform (117)
[2018.10.11-21.14.20:557][478]LogModuleManager: Shutting down and abandoning module Messaging (115)
[2018.10.11-21.14.20:557][478]LogModuleManager: Shutting down and abandoning module IOSTargetPlatform (113)
[2018.10.11-21.14.20:558][478]LogModuleManager: Shutting down and abandoning module HTML5TargetPlatform (111)
[2018.10.11-21.14.20:558][478]LogModuleManager: Shutting down and abandoning module AndroidTargetPlatform (109)
[2018.10.11-21.14.20:566][478]LogModuleManager: Shutting down and abandoning module WindowsTargetPlatform (107)
[2018.10.11-21.14.20:566][478]LogModuleManager: Shutting down and abandoning module WindowsServerTargetPlatform (105)
[2018.10.11-21.14.20:567][478]LogModuleManager: Shutting down and abandoning module WindowsNoEditorTargetPlatform (103)
[2018.10.11-21.14.20:567][478]LogModuleManager: Shutting down and abandoning module WindowsClientTargetPlatform (101)
[2018.10.11-21.14.20:567][478]LogModuleManager: Shutting down and abandoning module MacTargetPlatform (99)
[2018.10.11-21.14.20:567][478]LogModuleManager: Shutting down and abandoning module MacServerTargetPlatform (97)
[2018.10.11-21.14.20:567][478]LogModuleManager: Shutting down and abandoning module MacNoEditorTargetPlatform (95)
[2018.10.11-21.14.20:567][478]LogModuleManager: Shutting down and abandoning module MacClientTargetPlatform (93)
[2018.10.11-21.14.20:567][478]LogModuleManager: Shutting down and abandoning module AllDesktopTargetPlatform (91)
[2018.10.11-21.14.20:567][478]LogModuleManager: Shutting down and abandoning module InputCore (88)
[2018.10.11-21.14.20:567][478]LogModuleManager: Shutting down and abandoning module Settings (86)
[2018.10.11-21.14.20:567][478]LogModuleManager: Shutting down and abandoning module PhysXCooking (84)
[2018.10.11-21.14.20:567][478]LogModuleManager: Shutting down and abandoning module SteamVR (82)
[2018.10.11-21.14.20:567][478]LogModuleManager: Shutting down and abandoning module OculusHMD (80)
[2018.10.11-21.14.20:567][478]LogModuleManager: Shutting down and abandoning module ExampleDeviceProfileSelector (78)
[2018.10.11-21.14.20:567][478]LogModuleManager: Shutting down and abandoning module LauncherChunkInstaller (76)
[2018.10.11-21.14.20:567][478]LogModuleManager: Shutting down and abandoning module OnlineBlueprintSupport (74)
[2018.10.11-21.14.20:567][478]LogModuleManager: Shutting down and abandoning module OnlineSubsystem (70)
[2018.10.11-21.14.20:568][478]LogModuleManager: Shutting down and abandoning module XMPP (65)
[2018.10.11-21.14.20:569][478]LogModuleManager: Shutting down and abandoning module WebSockets (64)
[2018.10.11-21.14.20:600][478]LogModuleManager: Shutting down and abandoning module HTTP (61)
[2018.10.11-21.14.20:600][478]LogHttp: Display: Http module shutting down, but needs to wait on 1 outstanding Http requests:
[2018.10.11-21.14.20:600][478]LogHttp: Display: 	verb=[POST] url=[https://datarouter.ol.epicgames.com/datarouter/api/v1/public/data?SessionID=%7BC9D01BBE-48ED-A85D-174D-87B351323677%7D&AppID=UEEditor.Rocket.Release&AppVersion=4.20.3-4369336%2B%2B%2BUE4%2BRelease-4.20&UserID=07f852df44d3a8ef9152c9be2fa055a6%7Cb8e395c9f4d04fd780ec6f4c8c5b43b1%7C559f7cec-1dce-4e72-833b-7fa1822f71f4&AppEnvironment=datacollector-binary&UploadType=eteventstream] status=Processing
[2018.10.11-21.14.20:631][478]LogModuleManager: Shutting down and abandoning module SSL (60)
[2018.10.11-21.14.20:633][478]LogModuleManager: Shutting down and abandoning module MagicLeapEmulator (56)
[2018.10.11-21.14.20:633][478]LogModuleManager: Shutting down and abandoning module MagicLeapPrivileges (54)
[2018.10.11-21.14.20:633][478]LogModuleManager: Shutting down and abandoning module MagicLeapIdentity (52)
[2018.10.11-21.14.20:633][478]LogModuleManager: Shutting down and abandoning module MagicLeapHelperVulkan (50)
[2018.10.11-21.14.20:633][478]LogModuleManager: Shutting down and abandoning module MagicLeapHelperOpenGL (48)
[2018.10.11-21.14.20:633][478]LogModuleManager: Shutting down and abandoning module MagicLeapSecureStorage (46)
[2018.10.11-21.14.20:633][478]LogModuleManager: Shutting down and abandoning module MagicLeapGestures (44)
[2018.10.11-21.14.20:633][478]LogModuleManager: Shutting down and abandoning module MagicLeapEyeTracker (42)
[2018.10.11-21.14.20:633][478]LogModuleManager: Shutting down and abandoning module MagicLeapController (40)
[2018.10.11-21.14.20:633][478]LogSlate: Slate User Destroyed.  User Index 0, Is Virtual User: 0
[2018.10.11-21.14.20:633][478]LogModuleManager: Shutting down and abandoning module MagicLeap (38)
[2018.10.11-21.14.20:634][478]LogModuleManager: Shutting down and abandoning module AnimationModifiers (36)
[2018.10.11-21.14.20:634][478]LogModuleManager: Shutting down and abandoning module PropertyEditor (35)
[2018.10.11-21.14.20:634][478]LogModuleManager: Shutting down and abandoning module AudioEditor (32)
[2018.10.11-21.14.20:634][478]LogModuleManager: Shutting down and abandoning module TextureCompressor (30)
[2018.10.11-21.14.20:634][478]LogModuleManager: Shutting down and abandoning module ShaderCore (28)
[2018.10.11-21.14.20:634][478]LogModuleManager: Shutting down and abandoning module Landscape (26)
[2018.10.11-21.14.20:634][478]LogModuleManager: Shutting down and abandoning module SlateRHIRenderer (24)
[2018.10.11-21.14.20:635][478]LogModuleManager: Shutting down and abandoning module OpenGLDrv (22)
[2018.10.11-21.14.20:635][478]LogModuleManager: Shutting down and abandoning module D3D11RHI (20)
[2018.10.11-21.14.20:635][478]LogModuleManager: Shutting down and abandoning module AnimGraphRuntime (18)
[2018.10.11-21.14.20:635][478]LogModuleManager: Shutting down and abandoning module Renderer (16)
[2018.10.11-21.14.20:635][478]LogModuleManager: Shutting down and abandoning module Engine (14)
[2018.10.11-21.14.20:635][478]LogModuleManager: Shutting down and abandoning module CoreUObject (12)
[2018.10.11-21.14.20:635][478]LogModuleManager: Shutting down and abandoning module NetworkFile (10)
[2018.10.11-21.14.20:635][478]LogModuleManager: Shutting down and abandoning module CookedIterativeFile (8)
[2018.10.11-21.14.20:635][478]LogModuleManager: Shutting down and abandoning module StreamingFile (6)
[2018.10.11-21.14.20:635][478]LogModuleManager: Shutting down and abandoning module SandboxFile (4)
[2018.10.11-21.14.20:635][478]LogModuleManager: Shutting down and abandoning module PakFile (2)
[2018.10.11-21.14.20:647][478]LogExit: Exiting.
[2018.10.11-21.14.20:683][478]Log file closed, 10/11/18 14:14:20
