Log file open, 10/02/18 23:41:19
LogWindows: Failed to load 'aqProf.dll' (GetLastError=126)
LogWindows: File 'aqProf.dll' does not exist
LogWindows: Failed to load 'VSPerf140.dll' (GetLastError=126)
LogWindows: File 'VSPerf140.dll' does not exist
LogWindows: Failed to load 'VtuneApi.dll' (GetLastError=126)
LogWindows: File 'VtuneApi.dll' does not exist
LogWindows: Failed to load 'VtuneApi32e.dll' (GetLastError=126)
LogWindows: File 'VtuneApi32e.dll' does not exist
LogInit: Display: Running engine for game: DashPunchPrototype
LogPlatformFile: Not using cached read wrapper
LogTaskGraph: Started task graph with 5 named threads and 35 total threads with 3 sets of task threads.
LogStats: Stats thread started at 0.459346
LogD3D11RHI: Loaded GFSDK_Aftermath_Lib.x64.dll
LogICUInternationalization: Display: ICU TimeZone Detection - Raw Offset: -8:00, Platform Override: ''
LogPluginManager: Mounting plugin Paper2D
LogPluginManager: Mounting plugin AISupport
LogPluginManager: Mounting plugin LightPropagationVolume
LogPluginManager: Mounting plugin CLionSourceCodeAccess
LogPluginManager: Mounting plugin CodeLiteSourceCodeAccess
LogPluginManager: Mounting plugin GitSourceControl
LogPluginManager: Mounting plugin KDevelopSourceCodeAccess
LogPluginManager: Mounting plugin NullSourceCodeAccess
LogPluginManager: Mounting plugin PerforceSourceControl
LogPluginManager: Mounting plugin SubversionSourceControl
LogPluginManager: Mounting plugin UObjectPlugin
LogPluginManager: Mounting plugin VisualStudioCodeSourceCodeAccess
LogPluginManager: Mounting plugin VisualStudioSourceCodeAccess
LogPluginManager: Mounting plugin XCodeSourceCodeAccess
LogPluginManager: Mounting plugin AssetManagerEditor
LogPluginManager: Mounting plugin CryptoKeys
LogPluginManager: Mounting plugin DataValidation
LogPluginManager: Mounting plugin FacialAnimation
LogPluginManager: Mounting plugin GameplayTagsEditor
LogPluginManager: Mounting plugin MacGraphicsSwitching
LogPluginManager: Mounting plugin MeshEditor
LogPluginManager: Mounting plugin MobileLauncherProfileWizard
LogPluginManager: Mounting plugin PluginBrowser
LogPluginManager: Mounting plugin SpeedTreeImporter
LogPluginManager: Mounting plugin DatasmithContent
LogPluginManager: Mounting plugin AlembicImporter
LogPluginManager: Mounting plugin AppleImageUtils
LogPluginManager: Mounting plugin AppleVision
LogPluginManager: Mounting plugin BackChannel
LogPluginManager: Mounting plugin CharacterAI
LogPluginManager: Mounting plugin GeometryCache
LogPluginManager: Mounting plugin HTML5Networking
LogPluginManager: Mounting plugin ProxyLODPlugin
LogPluginManager: Mounting plugin MagicLeap
LogPluginManager: Mounting plugin MagicLeapEmulator
LogPluginManager: Mounting plugin MagicLeapMedia
LogPluginManager: Mounting plugin AndroidMedia
LogPluginManager: Mounting plugin AvfMedia
LogPluginManager: Mounting plugin ImgMedia
LogPluginManager: Mounting plugin LinearTimecode
LogPluginManager: Mounting plugin MediaCompositing
LogPluginManager: Mounting plugin MediaPlayerEditor
LogPluginManager: Mounting plugin WmfMedia
LogPluginManager: Mounting plugin TcpMessaging
LogPluginManager: Mounting plugin UdpMessaging
LogPluginManager: Mounting plugin ActorSequence
LogPluginManager: Mounting plugin LevelSequenceEditor
LogPluginManager: Mounting plugin MatineeToLevelSequence
LogPluginManager: Mounting plugin NetcodeUnitTest
LogPluginManager: Mounting plugin NUTUnrealEngine4
LogPluginManager: Mounting plugin OnlineSubsystemGooglePlay
LogPluginManager: Mounting plugin OnlineSubsystemIOS
LogPluginManager: Mounting plugin OnlineSubsystem
LogPluginManager: Mounting plugin OnlineSubsystemNull
LogPluginManager: Mounting plugin OnlineSubsystemUtils
LogPluginManager: Mounting plugin LauncherChunkInstaller
LogPluginManager: Mounting plugin AndroidDeviceProfileSelector
LogPluginManager: Mounting plugin AndroidMoviePlayer
LogPluginManager: Mounting plugin AndroidPermission
LogPluginManager: Mounting plugin AppleMoviePlayer
LogPluginManager: Mounting plugin ArchVisCharacter
LogPluginManager: Mounting plugin AudioCapture
LogPluginManager: Mounting plugin CableComponent
LogPluginManager: Mounting plugin CustomMeshComponent
LogPluginManager: Mounting plugin EditableMesh
LogPluginManager: Mounting plugin ExampleDeviceProfileSelector
LogPluginManager: Mounting plugin GoogleCloudMessaging
LogPluginManager: Mounting plugin ImmediatePhysics
LogPluginManager: Mounting plugin IOSDeviceProfileSelector
LogPluginManager: Mounting plugin LinuxDeviceProfileSelector
LogPluginManager: Mounting plugin LocationServicesBPLibrary
LogPluginManager: Mounting plugin MobilePatchingUtils
LogPluginManager: Mounting plugin OculusVR
LogPluginManager: Plugin shader directory ../../../Engine/Plugins/Runtime/Oculus/OculusVR/Shaders found
LogPluginManager: Mapping shader source directory ../../../Engine/Plugins/Runtime/Oculus/OculusVR/Shaders to virtual directory /Plugin/OculusVR
LogPluginManager: Mounting plugin PhysXVehicles
LogPluginManager: Mounting plugin ProceduralMeshComponent
LogPluginManager: Mounting plugin RuntimePhysXCooking
LogPluginManager: Mounting plugin SteamVR
LogPluginManager: Mounting plugin WindowsMoviePlayer
LogStreaming: Display: Took  0.180s to configure plugins.
LogInit: Using libcurl 7.55.1-DEV
LogInit:  - built for x86_64-pc-win32
LogInit:  - supports SSL with OpenSSL/1.0.2h
LogInit:  - supports HTTP deflate (compression) using libz 1.2.8
LogInit:  - other features:
LogInit:      CURL_VERSION_SSL
LogInit:      CURL_VERSION_LIBZ
LogInit:      CURL_VERSION_IPV6
LogInit:      CURL_VERSION_ASYNCHDNS
LogInit:      CURL_VERSION_LARGEFILE
LogInit:      CURL_VERSION_IDN
LogInit:  CurlRequestOptions (configurable via config and command line):
LogInit:  - bVerifyPeer = false  - Libcurl will NOT verify peer certificate
LogInit:  - bUseHttpProxy = false  - Libcurl will NOT use HTTP proxy
LogInit:  - bDontReuseConnections = false  - Libcurl will reuse connections
LogInit:  - CertBundlePath = nullptr  - Libcurl will use whatever was configured at build time.
LogInit:  - MaxHostConnections = 16  - Libcurl will limit the number of connections to a host
LogInit:  - LocalHostAddr = Default
LogInit:  - BufferSize = 65536
LogInit: WinSock: version 1.1 (2.2), MaxSocks=32767, MaxUdp=65467
LogInit: Build: ++UE4+Release-4.20-CL-4369336
LogInit: Engine Version: 4.20.3-4369336+++UE4+Release-4.20
LogInit: Compatible Engine Version: 4.20.0-4212847+++UE4+Release-4.20
LogInit: Net CL: 4212847
LogInit: OS: Windows 10 (), CPU: Intel(R) Xeon(R) CPU           E5645  @ 2.40GHz, GPU: NVIDIA GeForce GTX 750 Ti
LogInit: Compiled (64-bit): Sep 17 2018 12:26:19
LogInit: Compiled with Visual C++: 19.13.26129.00
LogInit: Build Configuration: Development
LogInit: Branch Name: ++UE4+Release-4.20
LogInit: Command Line: -EpicPortal 
LogInit: Base Directory: C:/Program Files/Epic Games/UE_4.20/Engine/Binaries/Win64/
LogInit: Installed Engine Build: 1
LogDevObjectVersion: Number of dev versions registered: 20
LogDevObjectVersion:   Dev-Blueprints (B0D832E4-1F89-4F0D-ACCF-7EB736FD4AA2): 10
LogDevObjectVersion:   Dev-Build (E1C64328-A22C-4D53-A36C-8E866417BD8C): 0
LogDevObjectVersion:   Dev-Core (375EC13C-06E4-48FB-B500-84F0262A717E): 2
LogDevObjectVersion:   Dev-Editor (E4B068ED-F494-42E9-A231-DA0B2E46BB41): 24
LogDevObjectVersion:   Dev-Framework (CFFC743F-43B0-4480-9391-14DF171D2073): 34
LogDevObjectVersion:   Dev-Mobile (B02B49B5-BB20-44E9-A304-32B752E40360): 2
LogDevObjectVersion:   Dev-Networking (A4E4105C-59A1-49B5-A7C5-40C4547EDFEE): 0
LogDevObjectVersion:   Dev-Online (39C831C9-5AE6-47DC-9A44-9C173E1C8E7C): 0
LogDevObjectVersion:   Dev-Physics (78F01B33-EBEA-4F98-B9B4-84EACCB95AA2): 0
LogDevObjectVersion:   Dev-Platform (6631380F-2D4D-43E0-8009-CF276956A95A): 0
LogDevObjectVersion:   Dev-Rendering (12F88B9F-8875-4AFC-A67C-D90C383ABD29): 26
LogDevObjectVersion:   Dev-Sequencer (7B5AE74C-D270-4C10-A958-57980B212A5A): 9
LogDevObjectVersion:   Dev-VR (D7296918-1DD6-4BDD-9DE2-64A83CC13884): 2
LogDevObjectVersion:   Dev-LoadTimes (C2A15278-BFE7-4AFE-6C17-90FF531DF755): 1
LogDevObjectVersion:   Private-Geometry (6EACA3D4-40EC-4CC1-B786-8BED09428FC5): 3
LogDevObjectVersion:   Dev-AnimPhys (29E575DD-E0A3-4627-9D10-D276232CDCEA): 17
LogDevObjectVersion:   Dev-ReflectionCapture (6B266CEC-1EC7-4B8F-A30B-E4D90942FC07): 1
LogDevObjectVersion:   Dev-Automation (0DF73D61-A23F-47EA-B727-89E90C41499A): 1
LogDevObjectVersion:   FortniteMain (601D1886-AC64-4F84-AA16-D3DE0DEAC7D6): 12
LogDevObjectVersion:   Dev-Enterprise (9DFFBCD6-494F-0158-E221-12823C92A888): 1
LogStreaming: Display: Took  0.002s to delete old logs.
LogInit: Presizing for max 8388607 objects, including 0 objects not considered by GC, pre-allocating 0 bytes for permanent pool.
LogInit: Object subsystem initialized
[2018.10.03-06.41.19:568][  0]LogInit: Selected Device Profile: [Windows]
[2018.10.03-06.41.19:568][  0]LogInit: Applying CVar settings loaded from the selected device profile: [Windows]
[2018.10.03-06.41.19:591][  0]LogHAL: Display: Platform has ~ 12 GB [12875771904 / 17179869184 / 12], which maps to Larger [LargestMinGB=32, LargerMinGB=12, DefaultMinGB=8, SmallerMinGB=6, SmallestMinGB=0)
[2018.10.03-06.41.19:591][  0]LogInit: Setting Device Profile CVar: [[r.Vulkan.UseRealUBs:1]]
[2018.10.03-06.41.19:591][  0]LogInit: Going up to parent DeviceProfile []
[2018.10.03-06.41.19:592][  0]LogInit: Computer: DESKTOP-42U0TAF
[2018.10.03-06.41.19:592][  0]LogInit: User: theco
[2018.10.03-06.41.19:592][  0]LogInit: CPU Page size=4096, Cores=6
[2018.10.03-06.41.19:592][  0]LogInit: High frequency timer resolution =2.337871 MHz
[2018.10.03-06.41.19:592][  0]LogMemory: Memory total: Physical=12.0GB (12GB approx)
[2018.10.03-06.41.19:593][  0]LogMemory: Platform Memory Stats for Windows
[2018.10.03-06.41.19:593][  0]LogMemory: Process Physical Memory: 105.97 MB used, 105.97 MB peak
[2018.10.03-06.41.19:593][  0]LogMemory: Process Virtual Memory: 99.36 MB used, 99.36 MB peak
[2018.10.03-06.41.19:593][  0]LogMemory: Physical Memory: 5535.70 MB used,  6743.59 MB free, 12279.29 MB total
[2018.10.03-06.41.19:593][  0]LogMemory: Virtual Memory: 4680.00 MB used,  6743.59 MB free, 134217728.00 MB total
[2018.10.03-06.41.19:616][  0]LogInit: Using OS detected language (en-US).
[2018.10.03-06.41.19:616][  0]LogInit: Using OS detected locale (en-US).
[2018.10.03-06.41.19:618][  0]LogTextLocalizationManager: No specific localization for 'en-US' exists, so the 'en' localization will be used.
[2018.10.03-06.41.20:175][  0]LogStreaming: Display: Took  0.558s to InitEngineTextLocalization.
[2018.10.03-06.41.20:175][  0]LogInit: Setting process to per monitor DPI aware
[2018.10.03-06.41.20:219][  0]LogSlate: New Slate User Created.  User Index 0, Is Virtual User: 0
[2018.10.03-06.41.20:219][  0]LogSlate: Slate User Registered.  User Index 0, Is Virtual User: 0
[2018.10.03-06.41.20:540][  0]LogD3D11RHI: D3D11 adapters:
[2018.10.03-06.41.20:600][  0]LogD3D11RHI:    0. 'NVIDIA GeForce GTX 750 Ti' (Feature Level 11_0)
[2018.10.03-06.41.20:600][  0]LogD3D11RHI:       2017/0/6139 MB DedicatedVideo/DedicatedSystem/SharedSystem, Outputs:1, VendorId:0x10de
[2018.10.03-06.41.20:603][  0]LogD3D11RHI:    1. 'Microsoft Basic Render Driver' (Feature Level 11_0)
[2018.10.03-06.41.20:603][  0]LogD3D11RHI:       0/0/6139 MB DedicatedVideo/DedicatedSystem/SharedSystem, Outputs:0, VendorId:0x1414
[2018.10.03-06.41.20:603][  0]LogD3D11RHI: Chosen D3D11 Adapter: 0
[2018.10.03-06.41.20:611][  0]LogD3D11RHI: Creating new Direct3DDevice
[2018.10.03-06.41.20:611][  0]LogD3D11RHI:     GPU DeviceId: 0x1380 (for the marketing name, search the web for "GPU Device Id")
[2018.10.03-06.41.20:611][  0]LogWindows: EnumDisplayDevices:
[2018.10.03-06.41.20:611][  0]LogWindows:    0. 'NVIDIA GeForce GTX 750 Ti' (P:1 D:1)
[2018.10.03-06.41.20:611][  0]LogWindows:    1. 'NVIDIA GeForce GTX 750 Ti' (P:0 D:0)
[2018.10.03-06.41.20:612][  0]LogWindows:    2. 'NVIDIA GeForce GTX 750 Ti' (P:0 D:0)
[2018.10.03-06.41.20:612][  0]LogWindows:    3. 'NVIDIA GeForce GTX 750 Ti' (P:0 D:0)
[2018.10.03-06.41.20:612][  0]LogWindows: DebugString: FoundDriverCount:4 
[2018.10.03-06.41.20:612][  0]LogD3D11RHI:     Adapter Name: NVIDIA GeForce GTX 750 Ti
[2018.10.03-06.41.20:612][  0]LogD3D11RHI:   Driver Version: 388.13 (internal:23.21.13.8813, unified:388.13)
[2018.10.03-06.41.20:612][  0]LogD3D11RHI:      Driver Date: 10-27-2017
[2018.10.03-06.41.20:612][  0]LogRHI: Texture pool is 1412 MB (70% of 2017 MB)
[2018.10.03-06.41.20:656][  0]LogD3D11RHI: Async texture creation enabled
[2018.10.03-06.41.20:670][  0]LogD3D11RHI: GPU Timing Frequency: 1000.000000 (Debug: 2 1)
[2018.10.03-06.41.20:714][  0]LogShaderCompilers: Guid format shader working directory is -21 characters bigger than the processId version (../../../../../../Users/theco/Desktop/DashPunch/DashPunchPrototype/Intermediate/Shaders/WorkingDirectory/11644/).
[2018.10.03-06.41.20:715][  0]LogShaderCompilers: Cleaned the shader compiler working directory 'C:/Users/theco/AppData/Local/Temp/UnrealShaderWorkingDir/88819F4543B9C95861B54EB2631A9577/'.
[2018.10.03-06.41.21:121][  0]LogTemp: Display: Loaded TP AllDesktopTargetPlatform
[2018.10.03-06.41.21:145][  0]LogTemp: Display: Loaded TP MacClientTargetPlatform
[2018.10.03-06.41.21:169][  0]LogTemp: Display: Loaded TP MacNoEditorTargetPlatform
[2018.10.03-06.41.21:193][  0]LogTemp: Display: Loaded TP MacServerTargetPlatform
[2018.10.03-06.41.21:218][  0]LogTemp: Display: Loaded TP MacTargetPlatform
[2018.10.03-06.41.21:242][  0]LogTemp: Display: Loaded TP WindowsClientTargetPlatform
[2018.10.03-06.41.21:266][  0]LogTemp: Display: Loaded TP WindowsNoEditorTargetPlatform
[2018.10.03-06.41.21:292][  0]LogTemp: Display: Loaded TP WindowsServerTargetPlatform
[2018.10.03-06.41.21:304][  0]LogTemp: Display: Loaded TP WindowsTargetPlatform
[2018.10.03-06.41.21:438][  0]LogTemp: Display: Loaded TP AndroidTargetPlatform
[2018.10.03-06.41.21:438][  0]LogTemp: Display: Loaded TP AndroidTargetPlatform
[2018.10.03-06.41.21:438][  0]LogTemp: Display: Loaded TP AndroidTargetPlatform
[2018.10.03-06.41.21:438][  0]LogTemp: Display: Loaded TP AndroidTargetPlatform
[2018.10.03-06.41.21:438][  0]LogTemp: Display: Loaded TP AndroidTargetPlatform
[2018.10.03-06.41.21:438][  0]LogTemp: Display: Loaded TP AndroidTargetPlatform
[2018.10.03-06.41.21:438][  0]LogTemp: Display: Loaded TP AndroidTargetPlatform
[2018.10.03-06.41.21:438][  0]LogTemp: Display: Loaded TP AndroidTargetPlatform
[2018.10.03-06.41.21:438][  0]LogTemp: Display: Loaded TP AndroidTargetPlatform
[2018.10.03-06.41.21:438][  0]LogTemp: Display: Loaded TP AndroidTargetPlatform
[2018.10.03-06.41.21:438][  0]LogTemp: Display: Loaded TP AndroidTargetPlatform
[2018.10.03-06.41.21:438][  0]LogTemp: Display: Loaded TP AndroidTargetPlatform
[2018.10.03-06.41.21:438][  0]LogTemp: Display: Loaded TP AndroidTargetPlatform
[2018.10.03-06.41.21:438][  0]LogTemp: Display: Loaded TP AndroidTargetPlatform
[2018.10.03-06.41.21:438][  0]LogTemp: Display: Loaded TP AndroidTargetPlatform
[2018.10.03-06.41.21:438][  0]LogTemp: Display: Loaded TP AndroidTargetPlatform
[2018.10.03-06.41.21:438][  0]LogTemp: Display: Loaded TP AndroidTargetPlatform
[2018.10.03-06.41.21:438][  0]LogTemp: Display: Loaded TP AndroidTargetPlatform
[2018.10.03-06.41.21:440][  0]LogTemp: Display: Loaded TP HTML5TargetPlatform
[2018.10.03-06.41.21:519][  0]LogTemp: Display: Loaded TP IOSTargetPlatform
[2018.10.03-06.41.21:519][  0]LogTemp: Display: Loaded TP IOSTargetPlatform
[2018.10.03-06.41.21:559][  0]LogTemp: Display: Loaded TP TVOSTargetPlatform
[2018.10.03-06.41.21:559][  0]LogTemp: Display: Loaded TP TVOSTargetPlatform
[2018.10.03-06.41.21:580][  0]LogTemp: Display: Loaded TP LinuxClientTargetPlatform
[2018.10.03-06.41.21:601][  0]LogTemp: Display: Loaded TP LinuxNoEditorTargetPlatform
[2018.10.03-06.41.21:622][  0]LogTemp: Display: Loaded TP LinuxServerTargetPlatform
[2018.10.03-06.41.21:644][  0]LogTemp: Display: Loaded TP LinuxTargetPlatform
[2018.10.03-06.41.21:660][  0]LogTemp: Display: Loaded TP LuminTargetPlatform
[2018.10.03-06.41.21:661][  0]LogTargetPlatformManager: Display: Building Assets For Windows
[2018.10.03-06.41.21:759][  0]LogXGEController: Cannot use XGE Controller as Incredibuild is not installed on this machine.
[2018.10.03-06.41.21:759][  0]LogShaderCompilers: Cannot use XGE Shader Compiler as Incredibuild is not installed on this machine.
[2018.10.03-06.41.21:759][  0]LogShaderCompilers: Display: Using Local Shader Compiler.
[2018.10.03-06.41.23:093][  0]LogDerivedDataCache: Display: Max Cache Size: 512 MB
[2018.10.03-06.41.23:220][  0]LogDerivedDataCache: Loaded boot cache 0.13s 86MB C:/Users/theco/AppData/Local/UnrealEngine/4.20/DerivedDataCache/Boot.ddc.
[2018.10.03-06.41.23:220][  0]LogDerivedDataCache: Display: Loaded Boot cache: C:/Users/theco/AppData/Local/UnrealEngine/4.20/DerivedDataCache/Boot.ddc
[2018.10.03-06.41.23:220][  0]LogDerivedDataCache: FDerivedDataBackendGraph:  Pak pak cache file ../../../../../../Users/theco/Desktop/DashPunch/DashPunchPrototype/DerivedDataCache/DDC.ddp not found, will not use a pak cache.
[2018.10.03-06.41.23:220][  0]LogDerivedDataCache: Unable to find inner node Pak for hierarchical cache Hierarchy.
[2018.10.03-06.41.23:220][  0]LogDerivedDataCache: FDerivedDataBackendGraph:  CompressedPak pak cache file ../../../../../../Users/theco/Desktop/DashPunch/DashPunchPrototype/DerivedDataCache/Compressed.ddp not found, will not use a pak cache.
[2018.10.03-06.41.23:220][  0]LogDerivedDataCache: Unable to find inner node CompressedPak for hierarchical cache Hierarchy.
[2018.10.03-06.41.23:239][  0]LogDerivedDataCache: Display: Pak cache opened for reading ../../../Engine/DerivedDataCache/Compressed.ddp.
[2018.10.03-06.41.23:252][  0]LogDerivedDataCache: Using Local data cache path C:/Users/theco/AppData/Local/UnrealEngine/Common/DerivedDataCache: Writable
[2018.10.03-06.41.23:252][  0]LogDerivedDataCache: Shared data cache path not found in *engine.ini, will not use an Shared cache.
[2018.10.03-06.41.23:252][  0]LogDerivedDataCache: Unable to find inner node Shared for hierarchical cache Hierarchy.
[2018.10.03-06.41.23:284][  0]LogMaterial: Verifying Global Shaders for PCD3D_SM5
[2018.10.03-06.41.23:286][  0]LogSlate: Using FreeType 2.6.0
[2018.10.03-06.41.23:287][  0]LogSlate: SlateFontServices - WITH_FREETYPE: 1, WITH_HARFBUZZ: 1
[2018.10.03-06.41.23:397][  0]LogAssetRegistry: FAssetRegistry took 0.0301 seconds to start up
[2018.10.03-06.41.24:009][  0]LogInit: Selected Device Profile: [Windows]
[2018.10.03-06.41.24:098][  0]LogSimplygon: Simplygon DLL not present - disabling.
[2018.10.03-06.41.24:104][  0]LogMeshReduction: Using SimplygonSwarm for distributed automatic mesh merging
[2018.10.03-06.41.24:104][  0]LogMeshReduction: Using ProxyLODMeshReduction for automatic mesh merging
[2018.10.03-06.41.24:104][  0]LogMeshReduction: Using QuadricMeshReduction for automatic static mesh reduction
[2018.10.03-06.41.24:104][  0]LogMeshReduction: No automatic skeletal mesh reduction module available
[2018.10.03-06.41.24:260][  0]LogNetVersion: DashPunchPrototype 1.0.0, NetCL: 4212847, EngineNetVer: 5, GameNetVer: 0 (Checksum: 2960470594)
[2018.10.03-06.41.25:077][  0]LogPackageLocalizationCache: Processed 11 localized package path(s) for 2 prioritized culture(s) in 0.155992 seconds
[2018.10.03-06.41.25:085][  0]LogUObjectArray: 38425 objects as part of root set at end of initial load.
[2018.10.03-06.41.25:086][  0]LogUObjectAllocator: 6690872 out of 0 bytes used by permanent object pool.
[2018.10.03-06.41.25:086][  0]LogUObjectArray: CloseDisregardForGC: 0/0 objects in disregard for GC pool
[2018.10.03-06.41.26:097][  0]LogWmfMedia: Failed to load mf.dll
[2018.10.03-06.41.26:097][  0]LogWmfMedia: Failed to load required Windows Media Foundation libraries
[2018.10.03-06.41.26:099][  0]LogWindowsMoviePlayer: Could not load mf.dll. Library not found.
[2018.10.03-06.41.26:099][  0]LogWindowsMoviePlayer: Could not load mfplat.dll. Library not found.
[2018.10.03-06.41.26:100][  0]LogWindowsMoviePlayer: Could not load mfplay.dll. Library not found.
[2018.10.03-06.41.26:442][  0]LogTcpMessaging: Initializing TcpMessaging bridge
[2018.10.03-06.41.26:457][  0]LogUdpMessaging: Initializing bridge on interface 0.0.0.0:0 to multicast group 230.0.0.1:6666.
[2018.10.03-06.41.26:651][  0]SourceControl: Source control is disabled
[2018.10.03-06.41.26:651][  0]SourceControl: Source control is disabled
[2018.10.03-06.41.26:653][  0]SourceControl: Source control is disabled
[2018.10.03-06.41.26:655][  0]SourceControl: Source control is disabled
[2018.10.03-06.41.26:875][  0]LogAndroidPermission: UAndroidPermissionCallbackProxy::GetInstance
[2018.10.03-06.41.26:970][  0]LogOcInput: OculusInput pre-init called
[2018.10.03-06.41.27:066][  0]LogEngine: Initializing Engine...
[2018.10.03-06.41.27:067][  0]LogHMD: Oculus plugin initialized. Version: 4.20.3-4369336+++UE4+Release-4.20, OVRPlugin: 1.25.0
[2018.10.03-06.41.27:069][  0]LogStats: UGameplayTagsManager::ConstructGameplayTagTree: ImportINI prefixes -  0.000 s
[2018.10.03-06.41.27:070][  0]LogStats: UGameplayTagsManager::ConstructGameplayTagTree: Construct from data asset -  0.000 s
[2018.10.03-06.41.27:070][  0]LogStats: UGameplayTagsManager::ConstructGameplayTagTree: ImportINI -  0.000 s
[2018.10.03-06.41.27:070][  0]LogStats: UGameplayTagsManager::ConstructGameplayTagTree: GameplayTagTreeChangedEvent.Broadcast -  0.000 s
[2018.10.03-06.41.27:437][  0]LogInit: Initializing FReadOnlyCVARCache
[2018.10.03-06.41.27:461][  0]LogAIModule: Creating AISystem for world Untitled
[2018.10.03-06.41.27:482][  0]LogInit: XAudio2 using 'Speakers (High Definition Audio Device)' : 2 channels at 48 kHz using 16 bits per sample (channel mask 0x3)
[2018.10.03-06.41.27:515][  0]LogInit: FAudioDevice initialized.
[2018.10.03-06.41.27:515][  0]LogNetVersion: Set ProjectVersion to 1.0.0.0. Version Checksum will be recalculated on next use.
[2018.10.03-06.41.27:659][  0]LogDerivedDataCache: Saved boot cache 0.14s 86MB C:/Users/theco/AppData/Local/UnrealEngine/4.20/DerivedDataCache/Boot.ddc.
[2018.10.03-06.41.27:688][  0]LogInit: Texture streaming: Enabled
[2018.10.03-06.41.27:713][  0]LogEngineSessionManager: EngineSessionManager initialized
[2018.10.03-06.41.27:733][  0]LogInit: Transaction tracking system initialized
[2018.10.03-06.41.27:770][  0]BlueprintLog: New page: Editor Load
[2018.10.03-06.41.27:891][  0]LocalizationService: Localization service is disabled
[2018.10.03-06.41.28:279][  0]LogCook: Display: Max memory allowance for cook 16384mb min free memory 0mb
[2018.10.03-06.41.28:279][  0]LogCook: Display: Mobile HDR setting 1
[2018.10.03-06.41.28:279][  0]LogGameplayTags: Display: UGameplayTagsManager::DoneAddingNativeTags. DelegateIsBound: 0
[2018.10.03-06.41.28:279][  0]LogStats: UGameplayTagsManager::ConstructGameplayTagTree: ImportINI prefixes -  0.000 s
[2018.10.03-06.41.28:279][  0]LogStats: UGameplayTagsManager::ConstructGameplayTagTree: Construct from data asset -  0.000 s
[2018.10.03-06.41.28:279][  0]LogStats: UGameplayTagsManager::ConstructGameplayTagTree: ImportINI -  0.000 s
[2018.10.03-06.41.28:279][  0]LogStats: UGameplayTagsManager::ConstructGameplayTagTree: GameplayTagTreeChangedEvent.Broadcast -  0.000 s
[2018.10.03-06.41.28:463][  0]LogFileCache: Scanning file cache for directory 'C:/Users/theco/Desktop/DashPunch/DashPunchPrototype/Content/' took 0.02s
[2018.10.03-06.41.28:463][  0]SourceControl: Source control is disabled
[2018.10.03-06.41.28:463][  0]Cmd: MAP LOAD FILE="../../../../../../Users/theco/Desktop/DashPunch/DashPunchPrototype/Content/VirtualRealityBP/Maps/MotionControllerMap.umap" TEMPLATE=0 SHOWPROGRESS=1 FEATURELEVEL=3
[2018.10.03-06.41.28:464][  0]LightingResults: New page: Lighting Build
[2018.10.03-06.41.28:468][  0]MapCheck: New page: Map Check
[2018.10.03-06.41.28:468][  0]LightingResults: New page: Lighting Build
[2018.10.03-06.41.29:539][  0]LogAIModule: Creating AISystem for world MotionControllerMap
[2018.10.03-06.41.29:555][  0]LogEditorServer: Finished looking for orphan Actors (0.000 secs)
[2018.10.03-06.41.29:594][  0]Cmd: MAP CHECKDEP NOCLEARLOG
[2018.10.03-06.41.29:736][  0]MapCheck: Map check complete: 0 Error(s), 0 Warning(s), took 140.41ms to complete.
[2018.10.03-06.41.29:736][  0]LogFileHelpers: Loading map 'MotionControllerMap' took 1.273
[2018.10.03-06.41.29:859][  0]LogSlate: Updating window title bar state: overlay mode, drag disabled, window buttons hidden, title bar hidden
[2018.10.03-06.41.29:872][  0]LogSlate: Updating window title bar state: overlay mode, drag disabled, window buttons hidden, title bar hidden
[2018.10.03-06.41.29:884][  0]LogSlate: Updating window title bar state: overlay mode, drag disabled, window buttons hidden, title bar hidden
[2018.10.03-06.41.29:897][  0]LogSlate: Updating window title bar state: overlay mode, drag disabled, window buttons hidden, title bar hidden
[2018.10.03-06.41.29:906][  0]LogCollectionManager: Loaded 0 collections in 0.002880 seconds
[2018.10.03-06.41.29:953][  0]LogFileCache: Scanning file cache for directory 'C:/Users/theco/Desktop/DashPunch/DashPunchPrototype/Saved/Collections/' took 0.01s
[2018.10.03-06.41.29:953][  0]LogFileCache: Scanning file cache for directory 'C:/Users/theco/Desktop/DashPunch/DashPunchPrototype/Content/Developers/theco/Collections/' took 0.01s
[2018.10.03-06.41.29:953][  0]LogFileCache: Scanning file cache for directory 'C:/Users/theco/Desktop/DashPunch/DashPunchPrototype/Content/Collections/' took 0.01s
[2018.10.03-06.41.29:953][  0]LogCollectionManager: Rebuilt the GUID cache for 0 collections in 0.000000 seconds
[2018.10.03-06.41.29:968][  0]LogContentBrowser: Native class hierarchy populated in 0.0146 seconds. Added 2572 classes and 603 folders.
[2018.10.03-06.41.29:978][  0]LogContentBrowser: Native class hierarchy updated for 'WidgetCarousel' in 0.0004 seconds. Added 0 classes and 0 folders.
[2018.10.03-06.41.30:068][  0]LogContentBrowser: Native class hierarchy updated for 'AddContentDialog' in 0.0003 seconds. Added 0 classes and 0 folders.
[2018.10.03-06.41.30:075][  0]LogContentBrowser: Native class hierarchy updated for 'SceneOutliner' in 0.0004 seconds. Added 1 classes and 2 folders.
[2018.10.03-06.41.30:163][  0]LogSlate: Took 0.000392 seconds to synchronously load lazily loaded font '../../../Engine/Content/Slate/Fonts/Roboto-Regular.ttf' (155K)
[2018.10.03-06.41.31:028][  0]LogSlate: Took 0.000329 seconds to synchronously load lazily loaded font '../../../Engine/Content/Slate/Fonts/Roboto-Bold.ttf' (160K)
[2018.10.03-06.41.31:036][  0]LogSlate: Took 0.000374 seconds to synchronously load lazily loaded font '../../../Engine/Content/Editor/Slate/Fonts/FontAwesome.ttf' (139K)
[2018.10.03-06.41.31:177][  0]LogRenderer: Reallocating scene render targets to support 1208x576 Format 26 NumSamples 1 (Frame:1).
[2018.10.03-06.41.31:357][  0]LogSlate: FSceneViewport::OnFocusLost() reason 2
[2018.10.03-06.41.31:377][  0]LogSlate: Window 'Tutorials' being destroyed
[2018.10.03-06.41.31:413][  0]LogContentBrowser: Native class hierarchy updated for 'HierarchicalLODOutliner' in 0.0004 seconds. Added 0 classes and 0 folders.
[2018.10.03-06.41.31:413][  0]LogLoad: (Engine Initialization) Total time: 15.05 seconds
[2018.10.03-06.41.31:413][  0]LogLoad: (Engine Initialization) Total Blueprint compile time: 0.00 seconds
[2018.10.03-06.41.31:432][  0]LogWindowsTextInputMethodSystem: Display: IME system now deactivated.
[2018.10.03-06.41.31:432][  0]LogOcInput: OculusInput is initialized
[2018.10.03-06.41.31:454][  0]LogContentStreaming: Texture pool size now 1000 MB
[2018.10.03-06.41.31:503][  0]LogSlate: Took 0.000294 seconds to synchronously load lazily loaded font '../../../Engine/Content/Slate/Fonts/Roboto-Light.ttf' (167K)
[2018.10.03-06.41.31:858][  2]LogAssetRegistry: Asset discovery search completed in 8.4847 seconds
[2018.10.03-06.41.31:861][  2]LogCollectionManager: Rebuilt the object cache for 0 collections in 0.000001 seconds (found 0 objects)
[2018.10.03-06.41.31:861][  2]LogCollectionManager: Fixed up redirectors for 0 collections in 0.000105 seconds (updated 0 objects)
[2018.10.03-06.41.32:464][ 43]LogSlate: Took 0.000351 seconds to synchronously load lazily loaded font '../../../Engine/Content/Slate/Fonts/Roboto-Light.ttf' (167K)
[2018.10.03-06.41.52:898][722]LogSlate: FSceneViewport::OnFocusLost() reason 0
[2018.10.03-06.41.54:532][849]LogSlate: Window 'Editor Preferences' being destroyed
[2018.10.03-06.41.54:537][849]LogSlate: Window 'Editor Preferences' being destroyed
[2018.10.03-06.41.55:786][955]LogAssetEditorManager: Opening Asset editor for Blueprint /Game/VirtualRealityBP/Blueprints/DashPunchMovementComponent.DashPunchMovementComponent
[2018.10.03-06.41.56:627][955]LogContentBrowser: Native class hierarchy updated for 'BlueprintGraph' in 0.0010 seconds. Added 116 classes and 0 folders.
[2018.10.03-06.41.58:107][955]LogSlate: Took 0.000361 seconds to synchronously load lazily loaded font '../../../Engine/Content/Slate/Fonts/Roboto-BoldCondensed.ttf' (158K)
[2018.10.03-06.41.58:324][956]LogSlate: Took 0.000310 seconds to synchronously load lazily loaded font '../../../Engine/Content/Slate/Fonts/Roboto-Italic.ttf' (157K)
[2018.10.03-06.42.02:422][179]LogTemp: Repeating last play command: VR Preview
[2018.10.03-06.42.02:467][179]LogBlueprintUserMessages: Early PlayInEditor Detection: Level '/Game/VirtualRealityBP/Maps/MotionControllerMap.MotionControllerMap:PersistentLevel' has LevelScriptBlueprint '/Game/VirtualRealityBP/Maps/MotionControllerMap.MotionControllerMap:PersistentLevel.MotionControllerMap' with GeneratedClass '/Game/VirtualRealityBP/Maps/MotionControllerMap.MotionControllerMap_C' with ClassGeneratedBy '/Game/VirtualRealityBP/Maps/MotionControllerMap.MotionControllerMap:PersistentLevel.MotionControllerMap'
[2018.10.03-06.42.02:467][179]LogPlayLevel: PlayLevel: No blueprints needed recompiling
[2018.10.03-06.42.02:467][179]LogHMD: Initializing OVRPlugin session
[2018.10.03-06.42.02:541][179]PIE: New page: PIE session: MotionControllerMap (Oct 2, 2018, 4:42:02 PM)
[2018.10.03-06.42.02:542][179]LogPlayLevel: Creating play world package: /Game/VirtualRealityBP/Maps/UEDPIE_0_MotionControllerMap
[2018.10.03-06.42.02:563][179]LogPlayLevel: PIE: StaticDuplicateObject took: (0.021460s)
[2018.10.03-06.42.02:564][179]LogAIModule: Creating AISystem for world MotionControllerMap
[2018.10.03-06.42.02:564][179]LogPlayLevel: PIE: World Init took: (0.001129s)
[2018.10.03-06.42.02:564][179]LogPlayLevel: PIE: Created PIE world by copying editor world from /Game/VirtualRealityBP/Maps/MotionControllerMap.MotionControllerMap to /Game/VirtualRealityBP/Maps/UEDPIE_0_MotionControllerMap.MotionControllerMap (0.022818s)
[2018.10.03-06.42.02:633][179]LogInit: XAudio2 using 'Headphones (Rift Audio)' : 2 channels at 48 kHz using 16 bits per sample (channel mask 0x3)
[2018.10.03-06.42.02:649][179]LogInit: FAudioDevice initialized.
[2018.10.03-06.42.02:657][179]LogSlate: Updating window title bar state: overlay mode, drag disabled, window buttons hidden, title bar hidden
[2018.10.03-06.42.02:754][179]LogHMD: Allocating Oculus 2720 x 1600 rendertarget swapchain
[2018.10.03-06.42.02:801][179]LogLoad: Game class is 'DPFight_GameMode_BP_C'
[2018.10.03-06.42.02:808][179]LogWorld: Bringing World /Game/VirtualRealityBP/Maps/UEDPIE_0_MotionControllerMap.MotionControllerMap up for play (max tick rate 0) at 2018.10.02-23.42.02
[2018.10.03-06.42.02:808][179]LogWorld: Bringing up level for play took: 0.004486
[2018.10.03-06.42.02:829][179]LogContentBrowser: Native class hierarchy updated for 'MovieSceneCapture' in 0.0004 seconds. Added 10 classes and 0 folders.
[2018.10.03-06.42.02:842][179]PIE: Play in editor start time for /Game/VirtualRealityBP/Maps/UEDPIE_0_MotionControllerMap 0.804
[2018.10.03-06.42.02:842][179]LogBlueprintUserMessages: Late PlayInEditor Detection: Level '/Game/VirtualRealityBP/Maps/MotionControllerMap.MotionControllerMap:PersistentLevel' has LevelScriptBlueprint '/Game/VirtualRealityBP/Maps/MotionControllerMap.MotionControllerMap:PersistentLevel.MotionControllerMap' with GeneratedClass '/Game/VirtualRealityBP/Maps/MotionControllerMap.MotionControllerMap_C' with ClassGeneratedBy '/Game/VirtualRealityBP/Maps/MotionControllerMap.MotionControllerMap:PersistentLevel.MotionControllerMap'
[2018.10.03-06.42.02:843][179]LogEngine: Changing dynamic resolution state.
[2018.10.03-06.42.02:859][179]LogRenderer: Releasing previous depth to switch default clear from depth: 0.000000 stencil: 0 to depth: 0.000000 stencil: 0
[2018.10.03-06.42.02:860][179]LogRenderer: Releasing previous depth to switch default clear from depth: 0.000000 stencil: 0 to depth: 0.000000 stencil: 0
[2018.10.03-06.42.02:860][179]LogRenderer: Releasing previous depth to switch default clear from depth: 0.000000 stencil: 0 to depth: 0.000000 stencil: 0
[2018.10.03-06.42.02:860][179]LogRenderer: Releasing previous depth to switch default clear from depth: 0.000000 stencil: 0 to depth: 0.000000 stencil: 0
[2018.10.03-06.42.02:860][179]LogRenderer: Releasing previous depth to switch default clear from depth: 0.000000 stencil: 0 to depth: 0.000000 stencil: 0
[2018.10.03-06.42.02:860][179]LogRenderer: Releasing previous depth to switch default clear from depth: 0.000000 stencil: 0 to depth: 0.000000 stencil: 0
[2018.10.03-06.42.02:873][179]LogRenderer: Reallocating scene render targets to support 2720x1600 Format 26 NumSamples 1 (Frame:1).
[2018.10.03-06.42.02:873][179]LogHMD: Allocating Oculus 2720 x 1600 depth rendertarget swapchain
[2018.10.03-06.42.41:296][ 50]LogBlueprintUserMessages: Early EndPlayMap Detection: Level '/Game/VirtualRealityBP/Maps/MotionControllerMap.MotionControllerMap:PersistentLevel' has LevelScriptBlueprint '/Game/VirtualRealityBP/Maps/MotionControllerMap.MotionControllerMap:PersistentLevel.MotionControllerMap' with GeneratedClass '/Game/VirtualRealityBP/Maps/MotionControllerMap.MotionControllerMap_C' with ClassGeneratedBy '/Game/VirtualRealityBP/Maps/MotionControllerMap.MotionControllerMap:PersistentLevel.MotionControllerMap'
[2018.10.03-06.42.41:381][ 50]LogSlate: Updating window title bar state: overlay mode, drag disabled, window buttons hidden, title bar hidden
[2018.10.03-06.42.41:474][ 50]LogSlate: Window 'DashPunchPrototype Game Preview Standalone (64-bit/PCD3D_SM5)' being destroyed
[2018.10.03-06.42.41:507][ 50]LogPlayLevel: Display: Shutting down PIE online subsystems
[2018.10.03-06.42.41:507][ 50]LogBlueprintUserMessages: Late EndPlayMap Detection: Level '/Game/VirtualRealityBP/Maps/MotionControllerMap.MotionControllerMap:PersistentLevel' has LevelScriptBlueprint '/Game/VirtualRealityBP/Maps/MotionControllerMap.MotionControllerMap:PersistentLevel.MotionControllerMap' with GeneratedClass '/Game/VirtualRealityBP/Maps/MotionControllerMap.MotionControllerMap_C' with ClassGeneratedBy '/Game/VirtualRealityBP/Maps/MotionControllerMap.MotionControllerMap:PersistentLevel.MotionControllerMap'
[2018.10.03-06.42.41:622][ 51]LogPlayLevel: Display: Destroying online subsystem :Context_4
[2018.10.03-06.42.41:622][ 51]LogEngine: Changing dynamic resolution state.
[2018.10.03-06.43.07:371][653]BlueprintLog: New page: Compile DashPunchMovementComponent
[2018.10.03-06.43.08:245][675]LogSavePackage: Moving '../../../../../../Users/theco/Desktop/DashPunch/DashPunchPrototype/Saved/DashPunchMovementComponentB0536B2E4C08CAD42BC36F835240017F.tmp' to '../../../../../../Users/theco/Desktop/DashPunch/DashPunchPrototype/Content/VirtualRealityBP/Blueprints/DashPunchMovementComponent.uasset'
[2018.10.03-06.43.11:160][902]LogTemp: Repeating last play command: VR Preview
[2018.10.03-06.43.11:194][902]LogBlueprintUserMessages: Early PlayInEditor Detection: Level '/Game/VirtualRealityBP/Maps/MotionControllerMap.MotionControllerMap:PersistentLevel' has LevelScriptBlueprint '/Game/VirtualRealityBP/Maps/MotionControllerMap.MotionControllerMap:PersistentLevel.MotionControllerMap' with GeneratedClass '/Game/VirtualRealityBP/Maps/MotionControllerMap.MotionControllerMap_C' with ClassGeneratedBy '/Game/VirtualRealityBP/Maps/MotionControllerMap.MotionControllerMap:PersistentLevel.MotionControllerMap'
[2018.10.03-06.43.11:195][902]LogPlayLevel: PlayLevel: No blueprints needed recompiling
[2018.10.03-06.43.11:195][902]LogHMD: Initializing OVRPlugin session
[2018.10.03-06.43.11:252][902]PIE: New page: PIE session: MotionControllerMap (Oct 2, 2018, 4:43:11 PM)
[2018.10.03-06.43.11:252][902]LogPlayLevel: Creating play world package: /Game/VirtualRealityBP/Maps/UEDPIE_0_MotionControllerMap
[2018.10.03-06.43.11:270][902]LogPlayLevel: PIE: StaticDuplicateObject took: (0.017611s)
[2018.10.03-06.43.11:270][902]LogAIModule: Creating AISystem for world MotionControllerMap
[2018.10.03-06.43.11:271][902]LogPlayLevel: PIE: World Init took: (0.001067s)
[2018.10.03-06.43.11:271][902]LogPlayLevel: PIE: Created PIE world by copying editor world from /Game/VirtualRealityBP/Maps/MotionControllerMap.MotionControllerMap to /Game/VirtualRealityBP/Maps/UEDPIE_0_MotionControllerMap.MotionControllerMap (0.018885s)
[2018.10.03-06.43.11:329][902]LogInit: XAudio2 using 'Headphones (Rift Audio)' : 2 channels at 48 kHz using 16 bits per sample (channel mask 0x3)
[2018.10.03-06.43.11:342][902]LogInit: FAudioDevice initialized.
[2018.10.03-06.43.11:350][902]LogSlate: Updating window title bar state: overlay mode, drag disabled, window buttons hidden, title bar hidden
[2018.10.03-06.43.11:444][902]LogHMD: Allocating Oculus 2720 x 1600 rendertarget swapchain
[2018.10.03-06.43.11:478][902]LogLoad: Game class is 'DPFight_GameMode_BP_C'
[2018.10.03-06.43.11:483][902]LogWorld: Bringing World /Game/VirtualRealityBP/Maps/UEDPIE_0_MotionControllerMap.MotionControllerMap up for play (max tick rate 0) at 2018.10.02-23.43.11
[2018.10.03-06.43.11:484][902]LogWorld: Bringing up level for play took: 0.004457
[2018.10.03-06.43.11:510][902]PIE: Play in editor start time for /Game/VirtualRealityBP/Maps/UEDPIE_0_MotionControllerMap -0.528
[2018.10.03-06.43.11:511][902]LogBlueprintUserMessages: Late PlayInEditor Detection: Level '/Game/VirtualRealityBP/Maps/MotionControllerMap.MotionControllerMap:PersistentLevel' has LevelScriptBlueprint '/Game/VirtualRealityBP/Maps/MotionControllerMap.MotionControllerMap:PersistentLevel.MotionControllerMap' with GeneratedClass '/Game/VirtualRealityBP/Maps/MotionControllerMap.MotionControllerMap_C' with ClassGeneratedBy '/Game/VirtualRealityBP/Maps/MotionControllerMap.MotionControllerMap:PersistentLevel.MotionControllerMap'
[2018.10.03-06.43.11:512][902]LogEngine: Changing dynamic resolution state.
[2018.10.03-06.43.11:523][902]LogRenderer: Releasing previous depth to switch default clear from depth: 0.000000 stencil: 0 to depth: 0.000000 stencil: 0
[2018.10.03-06.43.11:523][902]LogHMD: Allocating Oculus 2720 x 1600 depth rendertarget swapchain
[2018.10.03-06.43.19:120][114]LogBlueprintUserMessages: Early EndPlayMap Detection: Level '/Game/VirtualRealityBP/Maps/MotionControllerMap.MotionControllerMap:PersistentLevel' has LevelScriptBlueprint '/Game/VirtualRealityBP/Maps/MotionControllerMap.MotionControllerMap:PersistentLevel.MotionControllerMap' with GeneratedClass '/Game/VirtualRealityBP/Maps/MotionControllerMap.MotionControllerMap_C' with ClassGeneratedBy '/Game/VirtualRealityBP/Maps/MotionControllerMap.MotionControllerMap:PersistentLevel.MotionControllerMap'
[2018.10.03-06.43.19:208][114]LogSlate: Updating window title bar state: overlay mode, drag disabled, window buttons hidden, title bar hidden
[2018.10.03-06.43.19:279][114]LogSlate: Window 'DashPunchPrototype Game Preview Standalone (64-bit/PCD3D_SM5)' being destroyed
[2018.10.03-06.43.19:333][114]LogPlayLevel: Display: Shutting down PIE online subsystems
[2018.10.03-06.43.19:334][114]LogBlueprintUserMessages: Late EndPlayMap Detection: Level '/Game/VirtualRealityBP/Maps/MotionControllerMap.MotionControllerMap:PersistentLevel' has LevelScriptBlueprint '/Game/VirtualRealityBP/Maps/MotionControllerMap.MotionControllerMap:PersistentLevel.MotionControllerMap' with GeneratedClass '/Game/VirtualRealityBP/Maps/MotionControllerMap.MotionControllerMap_C' with ClassGeneratedBy '/Game/VirtualRealityBP/Maps/MotionControllerMap.MotionControllerMap:PersistentLevel.MotionControllerMap'
[2018.10.03-06.43.19:526][115]LogPlayLevel: Display: Destroying online subsystem :Context_5
[2018.10.03-06.43.19:527][115]LogEngine: Changing dynamic resolution state.
[2018.10.03-06.44.38:531][532]LogTemp: Repeating last play command: VR Preview
[2018.10.03-06.44.38:563][532]LogBlueprintUserMessages: Early PlayInEditor Detection: Level '/Game/VirtualRealityBP/Maps/MotionControllerMap.MotionControllerMap:PersistentLevel' has LevelScriptBlueprint '/Game/VirtualRealityBP/Maps/MotionControllerMap.MotionControllerMap:PersistentLevel.MotionControllerMap' with GeneratedClass '/Game/VirtualRealityBP/Maps/MotionControllerMap.MotionControllerMap_C' with ClassGeneratedBy '/Game/VirtualRealityBP/Maps/MotionControllerMap.MotionControllerMap:PersistentLevel.MotionControllerMap'
[2018.10.03-06.44.38:563][532]LogPlayLevel: PlayLevel: No blueprints needed recompiling
[2018.10.03-06.44.38:563][532]LogHMD: Initializing OVRPlugin session
[2018.10.03-06.44.38:626][532]PIE: New page: PIE session: MotionControllerMap (Oct 2, 2018, 4:44:38 PM)
[2018.10.03-06.44.38:627][532]LogPlayLevel: Creating play world package: /Game/VirtualRealityBP/Maps/UEDPIE_0_MotionControllerMap
[2018.10.03-06.44.38:645][532]LogPlayLevel: PIE: StaticDuplicateObject took: (0.018110s)
[2018.10.03-06.44.38:646][532]LogAIModule: Creating AISystem for world MotionControllerMap
[2018.10.03-06.44.38:646][532]LogPlayLevel: PIE: World Init took: (0.001068s)
[2018.10.03-06.44.38:646][532]LogPlayLevel: PIE: Created PIE world by copying editor world from /Game/VirtualRealityBP/Maps/MotionControllerMap.MotionControllerMap to /Game/VirtualRealityBP/Maps/UEDPIE_0_MotionControllerMap.MotionControllerMap (0.019395s)
[2018.10.03-06.44.38:706][532]LogInit: XAudio2 using 'Headphones (Rift Audio)' : 2 channels at 48 kHz using 16 bits per sample (channel mask 0x3)
[2018.10.03-06.44.38:726][532]LogInit: FAudioDevice initialized.
[2018.10.03-06.44.38:734][532]LogSlate: Updating window title bar state: overlay mode, drag disabled, window buttons hidden, title bar hidden
[2018.10.03-06.44.38:853][532]LogHMD: Allocating Oculus 2720 x 1600 rendertarget swapchain
[2018.10.03-06.44.38:891][532]LogLoad: Game class is 'DPFight_GameMode_BP_C'
[2018.10.03-06.44.38:899][532]LogWorld: Bringing World /Game/VirtualRealityBP/Maps/UEDPIE_0_MotionControllerMap.MotionControllerMap up for play (max tick rate 0) at 2018.10.02-23.44.38
[2018.10.03-06.44.38:899][532]LogWorld: Bringing up level for play took: 0.007104
[2018.10.03-06.44.38:930][532]PIE: Play in editor start time for /Game/VirtualRealityBP/Maps/UEDPIE_0_MotionControllerMap 0.893
[2018.10.03-06.44.38:931][532]LogBlueprintUserMessages: Late PlayInEditor Detection: Level '/Game/VirtualRealityBP/Maps/MotionControllerMap.MotionControllerMap:PersistentLevel' has LevelScriptBlueprint '/Game/VirtualRealityBP/Maps/MotionControllerMap.MotionControllerMap:PersistentLevel.MotionControllerMap' with GeneratedClass '/Game/VirtualRealityBP/Maps/MotionControllerMap.MotionControllerMap_C' with ClassGeneratedBy '/Game/VirtualRealityBP/Maps/MotionControllerMap.MotionControllerMap:PersistentLevel.MotionControllerMap'
[2018.10.03-06.44.38:932][532]LogEngine: Changing dynamic resolution state.
[2018.10.03-06.44.38:945][532]LogRenderer: Releasing previous depth to switch default clear from depth: 0.000000 stencil: 0 to depth: 0.000000 stencil: 0
[2018.10.03-06.44.38:945][532]LogHMD: Allocating Oculus 2720 x 1600 depth rendertarget swapchain
[2018.10.03-06.44.47:927][122]LogBlueprintUserMessages: Early EndPlayMap Detection: Level '/Game/VirtualRealityBP/Maps/MotionControllerMap.MotionControllerMap:PersistentLevel' has LevelScriptBlueprint '/Game/VirtualRealityBP/Maps/MotionControllerMap.MotionControllerMap:PersistentLevel.MotionControllerMap' with GeneratedClass '/Game/VirtualRealityBP/Maps/MotionControllerMap.MotionControllerMap_C' with ClassGeneratedBy '/Game/VirtualRealityBP/Maps/MotionControllerMap.MotionControllerMap:PersistentLevel.MotionControllerMap'
[2018.10.03-06.44.48:007][122]LogSlate: Updating window title bar state: overlay mode, drag disabled, window buttons hidden, title bar hidden
[2018.10.03-06.44.48:068][122]LogSlate: Window 'DashPunchPrototype Game Preview Standalone (64-bit/PCD3D_SM5)' being destroyed
[2018.10.03-06.44.48:099][122]LogPlayLevel: Display: Shutting down PIE online subsystems
[2018.10.03-06.44.48:099][122]LogBlueprintUserMessages: Late EndPlayMap Detection: Level '/Game/VirtualRealityBP/Maps/MotionControllerMap.MotionControllerMap:PersistentLevel' has LevelScriptBlueprint '/Game/VirtualRealityBP/Maps/MotionControllerMap.MotionControllerMap:PersistentLevel.MotionControllerMap' with GeneratedClass '/Game/VirtualRealityBP/Maps/MotionControllerMap.MotionControllerMap_C' with ClassGeneratedBy '/Game/VirtualRealityBP/Maps/MotionControllerMap.MotionControllerMap:PersistentLevel.MotionControllerMap'
[2018.10.03-06.44.48:169][123]LogPlayLevel: Display: Destroying online subsystem :Context_6
[2018.10.03-06.44.48:170][123]LogEngine: Changing dynamic resolution state.
[2018.10.03-06.44.53:576][447]LogSlate: Window 'DashPunchMovementComponent' being destroyed
[2018.10.03-06.45.36:310][554]LogTemp: Repeating last play command: VR Preview
[2018.10.03-06.45.36:344][554]LogBlueprintUserMessages: Early PlayInEditor Detection: Level '/Game/VirtualRealityBP/Maps/MotionControllerMap.MotionControllerMap:PersistentLevel' has LevelScriptBlueprint '/Game/VirtualRealityBP/Maps/MotionControllerMap.MotionControllerMap:PersistentLevel.MotionControllerMap' with GeneratedClass '/Game/VirtualRealityBP/Maps/MotionControllerMap.MotionControllerMap_C' with ClassGeneratedBy '/Game/VirtualRealityBP/Maps/MotionControllerMap.MotionControllerMap:PersistentLevel.MotionControllerMap'
[2018.10.03-06.45.36:344][554]BlueprintLog: New page: Pre-Play auto-recompile
[2018.10.03-06.45.36:372][554]LogPlayLevel: [PlayLevel] Compiling DashPunchMovementComponent before play...
[2018.10.03-06.45.36:666][554]LogPlayLevel: PlayLevel: Blueprint regeneration took 322 ms (1 blueprints)
[2018.10.03-06.45.36:666][554]LogHMD: Initializing OVRPlugin session
[2018.10.03-06.45.36:726][554]PIE: New page: PIE session: MotionControllerMap (Oct 2, 2018, 4:45:36 PM)
[2018.10.03-06.45.36:726][554]LogPlayLevel: Creating play world package: /Game/VirtualRealityBP/Maps/UEDPIE_0_MotionControllerMap
[2018.10.03-06.45.36:749][554]LogPlayLevel: PIE: StaticDuplicateObject took: (0.022755s)
[2018.10.03-06.45.36:749][554]LogAIModule: Creating AISystem for world MotionControllerMap
[2018.10.03-06.45.36:750][554]LogPlayLevel: PIE: World Init took: (0.001030s)
[2018.10.03-06.45.36:750][554]LogPlayLevel: PIE: Created PIE world by copying editor world from /Game/VirtualRealityBP/Maps/MotionControllerMap.MotionControllerMap to /Game/VirtualRealityBP/Maps/UEDPIE_0_MotionControllerMap.MotionControllerMap (0.024000s)
[2018.10.03-06.45.36:806][554]LogInit: XAudio2 using 'Headphones (Rift Audio)' : 2 channels at 48 kHz using 16 bits per sample (channel mask 0x3)
[2018.10.03-06.45.36:819][554]LogInit: FAudioDevice initialized.
[2018.10.03-06.45.36:827][554]LogSlate: Updating window title bar state: overlay mode, drag disabled, window buttons hidden, title bar hidden
[2018.10.03-06.45.36:895][554]LogHMD: Allocating Oculus 2720 x 1600 rendertarget swapchain
[2018.10.03-06.45.36:923][554]LogLoad: Game class is 'DPFight_GameMode_BP_C'
[2018.10.03-06.45.36:928][554]LogWorld: Bringing World /Game/VirtualRealityBP/Maps/UEDPIE_0_MotionControllerMap.MotionControllerMap up for play (max tick rate 0) at 2018.10.02-23.45.36
[2018.10.03-06.45.36:929][554]LogWorld: Bringing up level for play took: 0.004652
[2018.10.03-06.45.36:941][554]LogGameMode: FindPlayerStart: PATHS NOT DEFINED or NO PLAYERSTART with positive rating
[2018.10.03-06.45.36:948][554]PIE: Play in editor start time for /Game/VirtualRealityBP/Maps/UEDPIE_0_MotionControllerMap 0.91
[2018.10.03-06.45.36:949][554]LogBlueprintUserMessages: Late PlayInEditor Detection: Level '/Game/VirtualRealityBP/Maps/MotionControllerMap.MotionControllerMap:PersistentLevel' has LevelScriptBlueprint '/Game/VirtualRealityBP/Maps/MotionControllerMap.MotionControllerMap:PersistentLevel.MotionControllerMap' with GeneratedClass '/Game/VirtualRealityBP/Maps/MotionControllerMap.MotionControllerMap_C' with ClassGeneratedBy '/Game/VirtualRealityBP/Maps/MotionControllerMap.MotionControllerMap:PersistentLevel.MotionControllerMap'
[2018.10.03-06.45.36:949][554]LogEngine: Changing dynamic resolution state.
[2018.10.03-06.45.36:959][554]LogRenderer: Releasing previous depth to switch default clear from depth: 0.000000 stencil: 0 to depth: 0.000000 stencil: 0
[2018.10.03-06.45.36:959][554]LogHMD: Allocating Oculus 2720 x 1600 depth rendertarget swapchain
[2018.10.03-06.45.48:429][306]LogBlueprintUserMessages: Early EndPlayMap Detection: Level '/Game/VirtualRealityBP/Maps/MotionControllerMap.MotionControllerMap:PersistentLevel' has LevelScriptBlueprint '/Game/VirtualRealityBP/Maps/MotionControllerMap.MotionControllerMap:PersistentLevel.MotionControllerMap' with GeneratedClass '/Game/VirtualRealityBP/Maps/MotionControllerMap.MotionControllerMap_C' with ClassGeneratedBy '/Game/VirtualRealityBP/Maps/MotionControllerMap.MotionControllerMap:PersistentLevel.MotionControllerMap'
[2018.10.03-06.45.48:499][306]LogSlate: Updating window title bar state: overlay mode, drag disabled, window buttons hidden, title bar hidden
[2018.10.03-06.45.48:675][306]LogSlate: Window 'DashPunchPrototype Game Preview Standalone (64-bit/PCD3D_SM5)' being destroyed
[2018.10.03-06.45.48:706][306]LogPlayLevel: Display: Shutting down PIE online subsystems
[2018.10.03-06.45.48:706][306]LogBlueprintUserMessages: Late EndPlayMap Detection: Level '/Game/VirtualRealityBP/Maps/MotionControllerMap.MotionControllerMap:PersistentLevel' has LevelScriptBlueprint '/Game/VirtualRealityBP/Maps/MotionControllerMap.MotionControllerMap:PersistentLevel.MotionControllerMap' with GeneratedClass '/Game/VirtualRealityBP/Maps/MotionControllerMap.MotionControllerMap_C' with ClassGeneratedBy '/Game/VirtualRealityBP/Maps/MotionControllerMap.MotionControllerMap:PersistentLevel.MotionControllerMap'
[2018.10.03-06.45.48:777][307]LogPlayLevel: Display: Destroying online subsystem :Context_7
[2018.10.03-06.45.48:778][307]LogEngine: Changing dynamic resolution state.
[2018.10.03-06.46.25:613][805]LogTemp: Repeating last play command: VR Preview
[2018.10.03-06.46.25:647][805]LogBlueprintUserMessages: Early PlayInEditor Detection: Level '/Game/VirtualRealityBP/Maps/MotionControllerMap.MotionControllerMap:PersistentLevel' has LevelScriptBlueprint '/Game/VirtualRealityBP/Maps/MotionControllerMap.MotionControllerMap:PersistentLevel.MotionControllerMap' with GeneratedClass '/Game/VirtualRealityBP/Maps/MotionControllerMap.MotionControllerMap_C' with ClassGeneratedBy '/Game/VirtualRealityBP/Maps/MotionControllerMap.MotionControllerMap:PersistentLevel.MotionControllerMap'
[2018.10.03-06.46.25:647][805]LogPlayLevel: PlayLevel: No blueprints needed recompiling
[2018.10.03-06.46.25:647][805]LogHMD: Initializing OVRPlugin session
[2018.10.03-06.46.25:714][805]PIE: New page: PIE session: MotionControllerMap (Oct 2, 2018, 4:46:25 PM)
[2018.10.03-06.46.25:715][805]LogPlayLevel: Creating play world package: /Game/VirtualRealityBP/Maps/UEDPIE_0_MotionControllerMap
[2018.10.03-06.46.25:733][805]LogPlayLevel: PIE: StaticDuplicateObject took: (0.017874s)
[2018.10.03-06.46.25:733][805]LogAIModule: Creating AISystem for world MotionControllerMap
[2018.10.03-06.46.25:734][805]LogPlayLevel: PIE: World Init took: (0.001101s)
[2018.10.03-06.46.25:734][805]LogPlayLevel: PIE: Created PIE world by copying editor world from /Game/VirtualRealityBP/Maps/MotionControllerMap.MotionControllerMap to /Game/VirtualRealityBP/Maps/UEDPIE_0_MotionControllerMap.MotionControllerMap (0.019209s)
[2018.10.03-06.46.25:793][805]LogInit: XAudio2 using 'Headphones (Rift Audio)' : 2 channels at 48 kHz using 16 bits per sample (channel mask 0x3)
[2018.10.03-06.46.25:808][805]LogInit: FAudioDevice initialized.
[2018.10.03-06.46.25:817][805]LogSlate: Updating window title bar state: overlay mode, drag disabled, window buttons hidden, title bar hidden
[2018.10.03-06.46.25:896][805]LogHMD: Allocating Oculus 2720 x 1600 rendertarget swapchain
[2018.10.03-06.46.25:926][805]LogLoad: Game class is 'DPFight_GameMode_BP_C'
[2018.10.03-06.46.25:932][805]LogWorld: Bringing World /Game/VirtualRealityBP/Maps/UEDPIE_0_MotionControllerMap.MotionControllerMap up for play (max tick rate 0) at 2018.10.02-23.46.25
[2018.10.03-06.46.25:932][805]LogWorld: Bringing up level for play took: 0.004598
[2018.10.03-06.46.25:944][805]LogGameMode: FindPlayerStart: PATHS NOT DEFINED or NO PLAYERSTART with positive rating
[2018.10.03-06.46.25:953][805]PIE: Play in editor start time for /Game/VirtualRealityBP/Maps/UEDPIE_0_MotionControllerMap -0.084
[2018.10.03-06.46.25:953][805]LogBlueprintUserMessages: Late PlayInEditor Detection: Level '/Game/VirtualRealityBP/Maps/MotionControllerMap.MotionControllerMap:PersistentLevel' has LevelScriptBlueprint '/Game/VirtualRealityBP/Maps/MotionControllerMap.MotionControllerMap:PersistentLevel.MotionControllerMap' with GeneratedClass '/Game/VirtualRealityBP/Maps/MotionControllerMap.MotionControllerMap_C' with ClassGeneratedBy '/Game/VirtualRealityBP/Maps/MotionControllerMap.MotionControllerMap:PersistentLevel.MotionControllerMap'
[2018.10.03-06.46.25:954][805]LogEngine: Changing dynamic resolution state.
[2018.10.03-06.46.25:963][805]LogRenderer: Releasing previous depth to switch default clear from depth: 0.000000 stencil: 0 to depth: 0.000000 stencil: 0
[2018.10.03-06.46.25:963][805]LogHMD: Allocating Oculus 2720 x 1600 depth rendertarget swapchain
[2018.10.03-06.46.31:074][122]LogBlueprintUserMessages: Early EndPlayMap Detection: Level '/Game/VirtualRealityBP/Maps/MotionControllerMap.MotionControllerMap:PersistentLevel' has LevelScriptBlueprint '/Game/VirtualRealityBP/Maps/MotionControllerMap.MotionControllerMap:PersistentLevel.MotionControllerMap' with GeneratedClass '/Game/VirtualRealityBP/Maps/MotionControllerMap.MotionControllerMap_C' with ClassGeneratedBy '/Game/VirtualRealityBP/Maps/MotionControllerMap.MotionControllerMap:PersistentLevel.MotionControllerMap'
[2018.10.03-06.46.31:141][122]LogSlate: Updating window title bar state: overlay mode, drag disabled, window buttons hidden, title bar hidden
[2018.10.03-06.46.31:190][122]LogSlate: Window 'DashPunchPrototype Game Preview Standalone (64-bit/PCD3D_SM5)' being destroyed
[2018.10.03-06.46.31:225][122]LogPlayLevel: Display: Shutting down PIE online subsystems
[2018.10.03-06.46.31:225][122]LogBlueprintUserMessages: Late EndPlayMap Detection: Level '/Game/VirtualRealityBP/Maps/MotionControllerMap.MotionControllerMap:PersistentLevel' has LevelScriptBlueprint '/Game/VirtualRealityBP/Maps/MotionControllerMap.MotionControllerMap:PersistentLevel.MotionControllerMap' with GeneratedClass '/Game/VirtualRealityBP/Maps/MotionControllerMap.MotionControllerMap_C' with ClassGeneratedBy '/Game/VirtualRealityBP/Maps/MotionControllerMap.MotionControllerMap:PersistentLevel.MotionControllerMap'
[2018.10.03-06.46.31:283][123]LogPlayLevel: Display: Destroying online subsystem :Context_8
[2018.10.03-06.46.31:284][123]LogEngine: Changing dynamic resolution state.
[2018.10.03-06.46.39:298][876]LogSlate: Window 'Save Content' being destroyed
[2018.10.03-06.46.39:398][876]LogSavePackage: Moving '../../../../../../Users/theco/Desktop/DashPunch/DashPunchPrototype/Saved/DashPunchMovementComponent720BDCC24D4B413746B513B4945FA800.tmp' to '../../../../../../Users/theco/Desktop/DashPunch/DashPunchPrototype/Content/VirtualRealityBP/Blueprints/DashPunchMovementComponent.uasset'
[2018.10.03-06.46.39:593][876]LogSlate: Window 'DashPunchPrototype - Unreal Editor' being destroyed
[2018.10.03-06.46.39:594][876]LogWindowsTextInputMethodSystem: Display: IME system now deactivated.
[2018.10.03-06.46.39:807][877]Cmd: QUIT_EDITOR
[2018.10.03-06.46.40:676][877]LogExit: Preparing to exit.
[2018.10.03-06.46.41:659][877]LogDirectoryWatcher: A directory notification failed for 'C:/Users/theco/Desktop/DashPunch/DashPunchPrototype/Content/', and we were unable to create a new request.
[2018.10.03-06.46.41:711][877]LogExit: Editor shut down
[2018.10.03-06.46.41:711][877]LogExit: Transaction tracking system shut down
[2018.10.03-06.46.42:454][877]LogExit: Object subsystem successfully closed.
[2018.10.03-06.46.42:479][877]LogShaderCompilers: Display: Shaders left to compile 0
[2018.10.03-06.46.42:483][877]LogD3D11RHI: Shutdown
[2018.10.03-06.46.42:483][877]LogD3D11RHI: CleanupD3DDevice
[2018.10.03-06.46.42:485][877]LogD3D11RHI: ~FD3D11DynamicRHI
[2018.10.03-06.46.42:534][877]LogModuleManager: Shutting down and abandoning module MovieSceneCapture (616)
[2018.10.03-06.46.42:534][877]LogModuleManager: Shutting down and abandoning module Voice (614)
[2018.10.03-06.46.42:534][877]LogModuleManager: Shutting down and abandoning module BlueprintGraph (612)
[2018.10.03-06.46.42:535][877]LogModuleManager: Shutting down and abandoning module HierarchicalLODOutliner (610)
[2018.10.03-06.46.42:535][877]LogModuleManager: Shutting down and abandoning module SceneOutliner (608)
[2018.10.03-06.46.42:535][877]LogModuleManager: Shutting down and abandoning module AddContentDialog (606)
[2018.10.03-06.46.42:535][877]LogModuleManager: Shutting down and abandoning module WidgetCarousel (605)
[2018.10.03-06.46.42:535][877]LogModuleManager: Shutting down and abandoning module EditorWidgets (602)
[2018.10.03-06.46.42:535][877]LogModuleManager: Shutting down and abandoning module CollectionManager (600)
[2018.10.03-06.46.42:536][877]LogModuleManager: Shutting down and abandoning module StatsViewer (598)
[2018.10.03-06.46.42:536][877]LogModuleManager: Shutting down and abandoning module FoliageEdit (596)
[2018.10.03-06.46.42:536][877]LogModuleManager: Shutting down and abandoning module LandscapeEditor (594)
[2018.10.03-06.46.42:536][877]LogModuleManager: Shutting down and abandoning module MeshPaintMode (592)
[2018.10.03-06.46.42:536][877]LogModuleManager: Shutting down and abandoning module SceneDepthPickerMode (590)
[2018.10.03-06.46.42:536][877]LogModuleManager: Shutting down and abandoning module ActorPickerMode (588)
[2018.10.03-06.46.42:536][877]LogModuleManager: Shutting down and abandoning module GeometryMode (586)
[2018.10.03-06.46.42:536][877]LogModuleManager: Shutting down and abandoning module TextureAlignMode (584)
[2018.10.03-06.46.42:536][877]LogModuleManager: Shutting down and abandoning module BspMode (582)
[2018.10.03-06.46.42:536][877]LogModuleManager: Shutting down and abandoning module PIEPreviewDeviceProfileSelector (580)
[2018.10.03-06.46.42:536][877]LogModuleManager: Shutting down and abandoning module SequenceRecorderSections (578)
[2018.10.03-06.46.42:536][877]LogModuleManager: Shutting down and abandoning module AutomationWorker (576)
[2018.10.03-06.46.42:536][877]LogModuleManager: Shutting down and abandoning module AudioCaptureEditor (574)
[2018.10.03-06.46.42:536][877]LogModuleManager: Shutting down and abandoning module SequenceRecorder (573)
[2018.10.03-06.46.42:536][877]LogModuleManager: Shutting down and abandoning module MatineeToLevelSequence (570)
[2018.10.03-06.46.42:536][877]LogModuleManager: Shutting down and abandoning module LevelSequenceEditor (568)
[2018.10.03-06.46.42:536][877]LogModuleManager: Shutting down and abandoning module PlacementMode (567)
[2018.10.03-06.46.42:536][877]LogModuleManager: Shutting down and abandoning module MaterialEditor (566)
[2018.10.03-06.46.42:536][877]LogModuleManager: Shutting down and abandoning module WmfMediaFactory (562)
[2018.10.03-06.46.42:537][877]LogModuleManager: Shutting down and abandoning module WmfMediaEditor (560)
[2018.10.03-06.46.42:537][877]LogModuleManager: Shutting down and abandoning module MediaPlayerEditor (558)
[2018.10.03-06.46.42:537][877]LogModuleManager: Shutting down and abandoning module OpenExrWrapper (556)
[2018.10.03-06.46.42:537][877]LogModuleManager: Shutting down and abandoning module ImgMediaFactory (554)
[2018.10.03-06.46.42:537][877]LogModuleManager: Shutting down and abandoning module ImgMediaEditor (552)
[2018.10.03-06.46.42:537][877]LogModuleManager: Shutting down and abandoning module AvfMediaFactory (550)
[2018.10.03-06.46.42:537][877]LogModuleManager: Shutting down and abandoning module AvfMediaEditor (548)
[2018.10.03-06.46.42:537][877]LogModuleManager: Shutting down and abandoning module AndroidMediaFactory (546)
[2018.10.03-06.46.42:537][877]LogModuleManager: Shutting down and abandoning module AndroidMediaEditor (544)
[2018.10.03-06.46.42:537][877]LogModuleManager: Shutting down and abandoning module MagicLeapCameraPreviewFactory (542)
[2018.10.03-06.46.42:537][877]LogModuleManager: Shutting down and abandoning module MagicLeapMediaFactory (540)
[2018.10.03-06.46.42:537][877]LogModuleManager: Shutting down and abandoning module MagicLeapMediaEditor (538)
[2018.10.03-06.46.42:537][877]LogModuleManager: Shutting down and abandoning module CharacterAI (536)
[2018.10.03-06.46.42:537][877]LogModuleManager: Shutting down and abandoning module SmartSnapping (534)
[2018.10.03-06.46.42:537][877]LogModuleManager: Shutting down and abandoning module SessionServices (532)
[2018.10.03-06.46.42:537][877]LogModuleManager: Shutting down and abandoning module ViewportSnapping (530)
[2018.10.03-06.46.42:537][877]LogModuleManager: Shutting down and abandoning module ViewportInteraction (528)
[2018.10.03-06.46.42:537][877]LogModuleManager: Shutting down and abandoning module ClothPainter (526)
[2018.10.03-06.46.42:537][877]LogModuleManager: Shutting down and abandoning module SkeletalMeshEditor (525)
[2018.10.03-06.46.42:537][877]LogModuleManager: Shutting down and abandoning module LogVisualizer (522)
[2018.10.03-06.46.42:537][877]LogModuleManager: Shutting down and abandoning module IntroTutorials (520)
[2018.10.03-06.46.42:537][877]LogModuleManager: Shutting down and abandoning module GameProjectGeneration (519)
[2018.10.03-06.46.42:538][877]LogModuleManager: Shutting down and abandoning module LuminPlatformEditor (516)
[2018.10.03-06.46.42:538][877]LogModuleManager: Shutting down and abandoning module IOSPlatformEditor (514)
[2018.10.03-06.46.42:538][877]LogModuleManager: Shutting down and abandoning module HTML5PlatformEditor (512)
[2018.10.03-06.46.42:538][877]LogModuleManager: Shutting down and abandoning module AndroidPlatformEditor (510)
[2018.10.03-06.46.42:538][877]LogModuleManager: Shutting down and abandoning module AndroidDeviceDetection (509)
[2018.10.03-06.46.43:152][877]LogModuleManager: Shutting down and abandoning module WindowsPlatformEditor (506)
[2018.10.03-06.46.43:152][877]LogModuleManager: Shutting down and abandoning module LuminRuntimeSettings (504)
[2018.10.03-06.46.43:152][877]LogModuleManager: Shutting down and abandoning module IOSRuntimeSettings (502)
[2018.10.03-06.46.43:152][877]LogModuleManager: Shutting down and abandoning module AndroidRuntimeSettings (500)
[2018.10.03-06.46.43:153][877]LogModuleManager: Shutting down and abandoning module InputBindingEditor (498)
[2018.10.03-06.46.43:153][877]LogModuleManager: Shutting down and abandoning module MergeActors (496)
[2018.10.03-06.46.43:153][877]LogModuleManager: Shutting down and abandoning module LocalizationDashboard (494)
[2018.10.03-06.46.43:153][877]LogModuleManager: Shutting down and abandoning module LocalizationService (493)
[2018.10.03-06.46.43:153][877]LogModuleManager: Shutting down and abandoning module HardwareTargeting (490)
[2018.10.03-06.46.43:153][877]LogModuleManager: Shutting down and abandoning module DeviceProfileEditor (488)
[2018.10.03-06.46.43:153][877]LogModuleManager: Shutting down and abandoning module UndoHistory (486)
[2018.10.03-06.46.43:153][877]LogModuleManager: Shutting down and abandoning module XmlParser (484)
[2018.10.03-06.46.43:153][877]LogModuleManager: Shutting down and abandoning module Blutility (482)
[2018.10.03-06.46.43:153][877]LogModuleManager: Shutting down and abandoning module ProjectSettingsViewer (480)
[2018.10.03-06.46.43:153][877]LogModuleManager: Shutting down and abandoning module ProjectTargetPlatformEditor (479)
[2018.10.03-06.46.43:153][877]LogModuleManager: Shutting down and abandoning module EditorSettingsViewer (476)
[2018.10.03-06.46.43:153][877]LogModuleManager: Shutting down and abandoning module SettingsEditor (474)
[2018.10.03-06.46.43:153][877]LogModuleManager: Shutting down and abandoning module ProjectLauncher (472)
[2018.10.03-06.46.43:153][877]LogModuleManager: Shutting down and abandoning module SessionFrontend (470)
[2018.10.03-06.46.43:153][877]LogModuleManager: Shutting down and abandoning module ProfilerClient (468)
[2018.10.03-06.46.43:153][877]LogModuleManager: Shutting down and abandoning module DeviceManager (466)
[2018.10.03-06.46.43:154][877]LogModuleManager: Shutting down and abandoning module TargetDeviceServices (465)
[2018.10.03-06.46.43:209][877]LogModuleManager: Shutting down and abandoning module AutomationController (462)
[2018.10.03-06.46.43:209][877]LogModuleManager: Shutting down and abandoning module AutomationWindow (460)
[2018.10.03-06.46.43:209][877]LogModuleManager: Shutting down and abandoning module Layers (458)
[2018.10.03-06.46.43:209][877]LogModuleManager: Shutting down and abandoning module ComponentVisualizers (456)
[2018.10.03-06.46.43:209][877]LogModuleManager: Shutting down and abandoning module DetailCustomizations (454)
[2018.10.03-06.46.43:209][877]LogModuleManager: Shutting down and abandoning module PackagesDialog (452)
[2018.10.03-06.46.43:209][877]LogModuleManager: Shutting down and abandoning module Persona (450)
[2018.10.03-06.46.43:209][877]LogModuleManager: Shutting down and abandoning module AdvancedPreviewScene (449)
[2018.10.03-06.46.43:209][877]LogModuleManager: Shutting down and abandoning module AnimGraph (447)
[2018.10.03-06.46.43:209][877]LogModuleManager: Shutting down and abandoning module Kismet (444)
[2018.10.03-06.46.43:217][877]LogModuleManager: Shutting down and abandoning module GraphEditor (442)
[2018.10.03-06.46.43:217][877]LogModuleManager: Shutting down and abandoning module ClassViewer (440)
[2018.10.03-06.46.43:217][877]LogModuleManager: Shutting down and abandoning module Toolbox (438)
[2018.10.03-06.46.43:217][877]LogModuleManager: Shutting down and abandoning module ModuleUI (436)
[2018.10.03-06.46.43:217][877]LogModuleManager: Shutting down and abandoning module MovieSceneTools (434)
[2018.10.03-06.46.43:217][877]LogModuleManager: Shutting down and abandoning module OutputLog (432)
[2018.10.03-06.46.43:217][877]LogModuleManager: Shutting down and abandoning module GammaUI (430)
[2018.10.03-06.46.43:217][877]LogModuleManager: Shutting down and abandoning module Documentation (428)
[2018.10.03-06.46.43:217][877]LogModuleManager: Shutting down and abandoning module MovieSceneTracks (426)
[2018.10.03-06.46.43:217][877]LogModuleManager: Shutting down and abandoning module MovieScene (424)
[2018.10.03-06.46.43:217][877]LogModuleManager: Shutting down and abandoning module StreamingPauseRendering (422)
[2018.10.03-06.46.43:217][877]LogModuleManager: Shutting down and abandoning module LauncherPlatform (420)
[2018.10.03-06.46.43:217][877]LogModuleManager: Shutting down and abandoning module AnalyticsET (418)
[2018.10.03-06.46.43:217][877]LogModuleManager: Shutting down and abandoning module PortalServices (416)
[2018.10.03-06.46.43:217][877]LogModuleManager: Shutting down and abandoning module PortalRpc (414)
[2018.10.03-06.46.43:217][877]LogModuleManager: Shutting down and abandoning module MessagingRpc (412)
[2018.10.03-06.46.43:217][877]LogModuleManager: Shutting down and abandoning module AIModule (410)
[2018.10.03-06.46.43:217][877]LogModuleManager: Shutting down and abandoning module GameplayDebugger (409)
[2018.10.03-06.46.43:217][877]LogModuleManager: Shutting down and abandoning module AITestSuite (407)
[2018.10.03-06.46.43:217][877]LogModuleManager: Shutting down and abandoning module NavigationSystem (405)
[2018.10.03-06.46.43:217][877]LogModuleManager: Shutting down and abandoning module DesktopPlatform (402)
[2018.10.03-06.46.43:218][877]LogModuleManager: Shutting down and abandoning module ProfilerService (400)
[2018.10.03-06.46.43:463][877]LogModuleManager: Shutting down and abandoning module TaskGraph (398)
[2018.10.03-06.46.43:463][877]LogModuleManager: Shutting down and abandoning module SteamVRController (396)
[2018.10.03-06.46.43:463][877]LogModuleManager: Shutting down and abandoning module ProceduralMeshComponentEditor (394)
[2018.10.03-06.46.43:463][877]LogModuleManager: Shutting down and abandoning module ProceduralMeshComponent (392)
[2018.10.03-06.46.43:463][877]LogModuleManager: Shutting down and abandoning module OculusInput (390)
[2018.10.03-06.46.43:463][877]LogModuleManager: Shutting down and abandoning module MobilePatchingUtils (388)
[2018.10.03-06.46.43:463][877]LogModuleManager: Shutting down and abandoning module EditableMesh (386)
[2018.10.03-06.46.43:463][877]LogModuleManager: Shutting down and abandoning module CustomMeshComponent (384)
[2018.10.03-06.46.43:463][877]LogModuleManager: Shutting down and abandoning module CableComponent (382)
[2018.10.03-06.46.43:463][877]LogModuleManager: Shutting down and abandoning module AudioCapture (380)
[2018.10.03-06.46.43:463][877]LogModuleManager: Shutting down and abandoning module ArchVisCharacter (378)
[2018.10.03-06.46.43:463][877]LogModuleManager: Shutting down and abandoning module AndroidPermission (376)
[2018.10.03-06.46.43:463][877]LogModuleManager: Shutting down and abandoning module NUTUnrealEngine4 (374)
[2018.10.03-06.46.43:463][877]LogModuleManager: Shutting down and abandoning module NetcodeUnitTest (372)
[2018.10.03-06.46.43:463][877]LogModuleManager: Shutting down and abandoning module MediaCompositingEditor (370)
[2018.10.03-06.46.43:463][877]LogModuleManager: Shutting down and abandoning module MediaCompositing (368)
[2018.10.03-06.46.43:463][877]LogModuleManager: Shutting down and abandoning module LinearTimecode (366)
[2018.10.03-06.46.43:463][877]LogModuleManager: Shutting down and abandoning module ImgMedia (364)
[2018.10.03-06.46.43:467][877]LogModuleManager: Shutting down and abandoning module Media (363)
[2018.10.03-06.46.43:473][877]LogModuleManager: Shutting down and abandoning module HTML5Networking (360)
[2018.10.03-06.46.43:473][877]LogModuleManager: Shutting down and abandoning module GeometryCacheTracks (358)
[2018.10.03-06.46.43:473][877]LogModuleManager: Shutting down and abandoning module GeometryCacheSequencer (356)
[2018.10.03-06.46.43:473][877]LogModuleManager: Shutting down and abandoning module BackChannel (354)
[2018.10.03-06.46.43:473][877]LogModuleManager: Shutting down and abandoning module AppleVision (352)
[2018.10.03-06.46.43:474][877]LogModuleManager: Shutting down and abandoning module AppleImageUtils (350)
[2018.10.03-06.46.43:474][877]LogModuleManager: Shutting down and abandoning module AlembicImporter (348)
[2018.10.03-06.46.43:474][877]LogModuleManager: Shutting down and abandoning module AlembicLibrary (347)
[2018.10.03-06.46.43:474][877]LogModuleManager: Shutting down and abandoning module GeometryCache (346)
[2018.10.03-06.46.43:474][877]LogModuleManager: Shutting down and abandoning module GeometryCacheEd (345)
[2018.10.03-06.46.43:474][877]LogModuleManager: Shutting down and abandoning module DatasmithContentEditor (340)
[2018.10.03-06.46.43:474][877]LogModuleManager: Shutting down and abandoning module DatasmithContent (338)
[2018.10.03-06.46.43:475][877]LogModuleManager: Shutting down and abandoning module SpeedTreeImporter (336)
[2018.10.03-06.46.43:475][877]LogModuleManager: Shutting down and abandoning module PluginBrowser (334)
[2018.10.03-06.46.43:475][877]LogModuleManager: Shutting down and abandoning module MobileLauncherProfileWizard (332)
[2018.10.03-06.46.43:475][877]LogModuleManager: Shutting down and abandoning module PolygonModeling (330)
[2018.10.03-06.46.43:475][877]LogModuleManager: Shutting down and abandoning module MeshEditor (328)
[2018.10.03-06.46.43:475][877]LogModuleManager: Shutting down and abandoning module CryptoKeysOpenSSL (326)
[2018.10.03-06.46.43:475][877]LogModuleManager: Shutting down and abandoning module CryptoKeys (324)
[2018.10.03-06.46.43:475][877]LogModuleManager: Shutting down and abandoning module VisualStudioSourceCodeAccess (322)
[2018.10.03-06.46.43:475][877]LogModuleManager: Shutting down and abandoning module VisualStudioCodeSourceCodeAccess (320)
[2018.10.03-06.46.43:475][877]LogModuleManager: Shutting down and abandoning module UObjectPlugin (318)
[2018.10.03-06.46.43:475][877]LogModuleManager: Shutting down and abandoning module SubversionSourceControl (316)
[2018.10.03-06.46.43:475][877]LogModuleManager: Shutting down and abandoning module PerforceSourceControl (314)
[2018.10.03-06.46.43:475][877]LogModuleManager: Shutting down and abandoning module GitSourceControl (312)
[2018.10.03-06.46.43:475][877]LogModuleManager: Shutting down and abandoning module SourceControl (311)
[2018.10.03-06.46.43:475][877]LogModuleManager: Shutting down and abandoning module CLionSourceCodeAccess (308)
[2018.10.03-06.46.43:475][877]LogModuleManager: Shutting down and abandoning module LightPropagationVolumeEditor (306)
[2018.10.03-06.46.43:475][877]LogModuleManager: Shutting down and abandoning module PaperTiledImporter (304)
[2018.10.03-06.46.43:475][877]LogModuleManager: Shutting down and abandoning module PaperSpriteSheetImporter (302)
[2018.10.03-06.46.43:475][877]LogModuleManager: Shutting down and abandoning module Paper2DEditor (300)
[2018.10.03-06.46.43:476][877]LogModuleManager: Shutting down and abandoning module MeshPaint (299)
[2018.10.03-06.46.43:476][877]LogModuleManager: Shutting down and abandoning module RuntimePhysXCooking (296)
[2018.10.03-06.46.43:476][877]LogModuleManager: Shutting down and abandoning module PhysXVehiclesEditor (294)
[2018.10.03-06.46.43:476][877]LogModuleManager: Shutting down and abandoning module PhysXVehicles (292)
[2018.10.03-06.46.43:476][877]LogModuleManager: Shutting down and abandoning module OculusEditor (290)
[2018.10.03-06.46.43:476][877]LogModuleManager: Shutting down and abandoning module LocationServicesBPLibrary (288)
[2018.10.03-06.46.43:476][877]LogModuleManager: Shutting down and abandoning module ImmediatePhysicsEditor (286)
[2018.10.03-06.46.43:476][877]LogModuleManager: Shutting down and abandoning module ImmediatePhysics (284)
[2018.10.03-06.46.43:476][877]LogModuleManager: Shutting down and abandoning module ActorSequence (282)
[2018.10.03-06.46.43:476][877]LogModuleManager: Shutting down and abandoning module UdpMessaging (280)
[2018.10.03-06.46.43:577][877]LogModuleManager: Shutting down and abandoning module TcpMessaging (278)
[2018.10.03-06.46.43:678][877]LogModuleManager: Shutting down and abandoning module MagicLeapAudio (276)
[2018.10.03-06.46.43:678][877]LogModuleManager: Shutting down and abandoning module GameplayTagsEditor (274)
[2018.10.03-06.46.43:678][877]LogModuleManager: Shutting down and abandoning module FacialAnimationEditor (272)
[2018.10.03-06.46.43:678][877]LogModuleManager: Shutting down and abandoning module FacialAnimation (270)
[2018.10.03-06.46.43:678][877]LogModuleManager: Shutting down and abandoning module DataValidation (268)
[2018.10.03-06.46.43:678][877]LogModuleManager: Shutting down and abandoning module AssetManagerEditor (266)
[2018.10.03-06.46.43:678][877]LogModuleManager: Shutting down and abandoning module LevelEditor (265)
[2018.10.03-06.46.43:679][877]LogModuleManager: Shutting down and abandoning module PixelInspectorModule (264)
[2018.10.03-06.46.43:679][877]LogModuleManager: Shutting down and abandoning module CommonMenuExtensions (262)
[2018.10.03-06.46.43:679][877]LogModuleManager: Shutting down and abandoning module MainFrame (260)
[2018.10.03-06.46.43:679][877]LogModuleManager: Shutting down and abandoning module HotReload (259)
[2018.10.03-06.46.43:680][877]LogModuleManager: Shutting down and abandoning module ContentBrowser (255)
[2018.10.03-06.46.43:681][877]LogModuleManager: Shutting down and abandoning module TreeMap (253)
[2018.10.03-06.46.43:681][877]LogModuleManager: Shutting down and abandoning module LightPropagationVolumeRuntime (250)
[2018.10.03-06.46.43:681][877]LogModuleManager: Shutting down and abandoning module AISupportModule (248)
[2018.10.03-06.46.43:681][877]LogModuleManager: Shutting down and abandoning module Paper2D (246)
[2018.10.03-06.46.43:681][877]LogModuleManager: Shutting down and abandoning module WindowsMoviePlayer (244)
[2018.10.03-06.46.43:681][877]LogModuleManager: Shutting down and abandoning module WmfMedia (242)
[2018.10.03-06.46.43:681][877]LogModuleManager: Shutting down and abandoning module PacketHandler (240)
[2018.10.03-06.46.43:681][877]LogModuleManager: Shutting down and abandoning module ClothingSystemEditor (238)
[2018.10.03-06.46.43:681][877]LogModuleManager: Shutting down and abandoning module ClothingSystemRuntime (236)
[2018.10.03-06.46.43:681][877]LogModuleManager: Shutting down and abandoning module MediaAssets (234)
[2018.10.03-06.46.43:681][877]LogModuleManager: Shutting down and abandoning module Overlay (232)
[2018.10.03-06.46.43:681][877]LogModuleManager: Shutting down and abandoning module OverlayEditor (231)
[2018.10.03-06.46.43:682][877]LogModuleManager: Shutting down and abandoning module VREditor (228)
[2018.10.03-06.46.43:682][877]LogModuleManager: Shutting down and abandoning module StringTableEditor (226)
[2018.10.03-06.46.43:682][877]LogModuleManager: Shutting down and abandoning module GameplayTasksEditor (224)
[2018.10.03-06.46.43:682][877]LogModuleManager: Shutting down and abandoning module BehaviorTreeEditor (222)
[2018.10.03-06.46.43:682][877]LogModuleManager: Shutting down and abandoning module FunctionalTesting (220)
[2018.10.03-06.46.43:682][877]LogModuleManager: Shutting down and abandoning module CollisionAnalyzer (218)
[2018.10.03-06.46.43:682][877]LogModuleManager: Shutting down and abandoning module WorkspaceMenuStructure (217)
[2018.10.03-06.46.43:682][877]LogModuleManager: Shutting down and abandoning module UMG (214)
[2018.10.03-06.46.43:682][877]LogModuleManager: Shutting down and abandoning module UMGEditor (213)
[2018.10.03-06.46.43:682][877]LogModuleManager: Shutting down and abandoning module Sequencer (212)
[2018.10.03-06.46.43:682][877]LogModuleManager: Shutting down and abandoning module MessageLog (209)
[2018.10.03-06.46.43:682][877]LogModuleManager: Shutting down and abandoning module SlateReflector (204)
[2018.10.03-06.46.43:682][877]LogModuleManager: Shutting down and abandoning module Slate (202)
[2018.10.03-06.46.43:682][877]LogModuleManager: Shutting down and abandoning module EditorStyle (200)
[2018.10.03-06.46.43:684][877]LogModuleManager: Shutting down and abandoning module MRMesh (198)
[2018.10.03-06.46.43:684][877]LogModuleManager: Shutting down and abandoning module SourceCodeAccess (196)
[2018.10.03-06.46.43:684][877]LogModuleManager: Shutting down and abandoning module HeadMountedDisplay (194)
[2018.10.03-06.46.43:684][877]LogModuleManager: Shutting down and abandoning module XAudio2 (192)
[2018.10.03-06.46.43:685][877]LogModuleManager: Shutting down and abandoning module Networking (190)
[2018.10.03-06.46.43:685][877]LogModuleManager: Shutting down and abandoning module Core (188)
[2018.10.03-06.46.43:685][877]LogModuleManager: Shutting down and abandoning module LevelSequence (186)
[2018.10.03-06.46.43:685][877]LogModuleManager: Shutting down and abandoning module KismetCompiler (184)
[2018.10.03-06.46.43:685][877]LogModuleManager: Shutting down and abandoning module MeshUtilities (182)
[2018.10.03-06.46.43:685][877]LogModuleManager: Shutting down and abandoning module MeshMergeUtilities (181)
[2018.10.03-06.46.43:685][877]LogModuleManager: Shutting down and abandoning module MeshReductionInterface (180)
[2018.10.03-06.46.43:685][877]LogModuleManager: Shutting down and abandoning module SimplygonSwarm (179)
[2018.10.03-06.46.43:685][877]LogModuleManager: Shutting down and abandoning module ProxyLODMeshReduction (177)
[2018.10.03-06.46.43:685][877]LogModuleManager: Shutting down and abandoning module SimplygonMeshReduction (175)
[2018.10.03-06.46.43:685][877]LogModuleManager: Shutting down and abandoning module QuadricMeshReduction (173)
[2018.10.03-06.46.43:685][877]LogModuleManager: Shutting down and abandoning module MaterialBaking (169)
[2018.10.03-06.46.43:685][877]LogModuleManager: Shutting down and abandoning module DirectoryWatcher (165)
[2018.10.03-06.46.43:685][877]LogModuleManager: Shutting down and abandoning module DerivedDataCache (162)
[2018.10.03-06.46.43:711][877]LogDerivedDataCache: Shutdown
[2018.10.03-06.46.43:711][877]LogModuleManager: Shutting down and abandoning module XGEController (160)
[2018.10.03-06.46.43:712][877]LogModuleManager: Shutting down and abandoning module TargetPlatform (158)
[2018.10.03-06.46.43:712][877]LogModuleManager: Shutting down and abandoning module VulkanShaderFormat (157)
[2018.10.03-06.46.43:712][877]LogModuleManager: Shutting down and abandoning module ShaderFormatVectorVM (155)
[2018.10.03-06.46.43:712][877]LogModuleManager: Shutting down and abandoning module ShaderFormatOpenGL (153)
[2018.10.03-06.46.43:712][877]LogModuleManager: Shutting down and abandoning module ShaderFormatD3D (151)
[2018.10.03-06.46.43:712][877]LogModuleManager: Shutting down and abandoning module MetalShaderFormat (149)
[2018.10.03-06.46.43:712][877]LogModuleManager: Shutting down and abandoning module TextureFormatUncompressed (147)
[2018.10.03-06.46.43:712][877]LogModuleManager: Shutting down and abandoning module TextureFormatPVR (145)
[2018.10.03-06.46.43:712][877]LogModuleManager: Shutting down and abandoning module TextureFormatDXT (143)
[2018.10.03-06.46.43:712][877]LogModuleManager: Shutting down and abandoning module TextureFormatIntelISPCTexComp (141)
[2018.10.03-06.46.43:712][877]LogModuleManager: Shutting down and abandoning module TextureFormatASTC (139)
[2018.10.03-06.46.43:712][877]LogModuleManager: Shutting down and abandoning module ImageWrapper (138)
[2018.10.03-06.46.43:712][877]LogModuleManager: Shutting down and abandoning module TextureFormatAndroid (135)
[2018.10.03-06.46.43:712][877]LogModuleManager: Shutting down and abandoning module AudioFormatOpus (133)
[2018.10.03-06.46.43:712][877]LogModuleManager: Shutting down and abandoning module AudioFormatOgg (131)
[2018.10.03-06.46.43:712][877]LogModuleManager: Shutting down and abandoning module AudioFormatADPCM (129)
[2018.10.03-06.46.43:712][877]LogModuleManager: Shutting down and abandoning module LuminTargetPlatform (127)
[2018.10.03-06.46.43:712][877]LogModuleManager: Shutting down and abandoning module LinuxTargetPlatform (125)
[2018.10.03-06.46.43:712][877]LogModuleManager: Shutting down and abandoning module LinuxServerTargetPlatform (123)
[2018.10.03-06.46.43:712][877]LogModuleManager: Shutting down and abandoning module LinuxNoEditorTargetPlatform (121)
[2018.10.03-06.46.43:712][877]LogModuleManager: Shutting down and abandoning module LinuxClientTargetPlatform (119)
[2018.10.03-06.46.43:712][877]LogModuleManager: Shutting down and abandoning module TVOSTargetPlatform (117)
[2018.10.03-06.46.43:713][877]LogModuleManager: Shutting down and abandoning module Messaging (115)
[2018.10.03-06.46.43:713][877]LogModuleManager: Shutting down and abandoning module IOSTargetPlatform (113)
[2018.10.03-06.46.43:714][877]LogModuleManager: Shutting down and abandoning module HTML5TargetPlatform (111)
[2018.10.03-06.46.43:714][877]LogModuleManager: Shutting down and abandoning module AndroidTargetPlatform (109)
[2018.10.03-06.46.43:722][877]LogModuleManager: Shutting down and abandoning module WindowsTargetPlatform (107)
[2018.10.03-06.46.43:723][877]LogModuleManager: Shutting down and abandoning module WindowsServerTargetPlatform (105)
[2018.10.03-06.46.43:723][877]LogModuleManager: Shutting down and abandoning module WindowsNoEditorTargetPlatform (103)
[2018.10.03-06.46.43:723][877]LogModuleManager: Shutting down and abandoning module WindowsClientTargetPlatform (101)
[2018.10.03-06.46.43:723][877]LogModuleManager: Shutting down and abandoning module MacTargetPlatform (99)
[2018.10.03-06.46.43:723][877]LogModuleManager: Shutting down and abandoning module MacServerTargetPlatform (97)
[2018.10.03-06.46.43:723][877]LogModuleManager: Shutting down and abandoning module MacNoEditorTargetPlatform (95)
[2018.10.03-06.46.43:723][877]LogModuleManager: Shutting down and abandoning module MacClientTargetPlatform (93)
[2018.10.03-06.46.43:723][877]LogModuleManager: Shutting down and abandoning module AllDesktopTargetPlatform (91)
[2018.10.03-06.46.43:723][877]LogModuleManager: Shutting down and abandoning module InputCore (88)
[2018.10.03-06.46.43:723][877]LogModuleManager: Shutting down and abandoning module Settings (86)
[2018.10.03-06.46.43:723][877]LogModuleManager: Shutting down and abandoning module PhysXCooking (84)
[2018.10.03-06.46.43:723][877]LogModuleManager: Shutting down and abandoning module SteamVR (82)
[2018.10.03-06.46.43:723][877]LogModuleManager: Shutting down and abandoning module OculusHMD (80)
[2018.10.03-06.46.43:723][877]LogModuleManager: Shutting down and abandoning module ExampleDeviceProfileSelector (78)
[2018.10.03-06.46.43:723][877]LogModuleManager: Shutting down and abandoning module LauncherChunkInstaller (76)
[2018.10.03-06.46.43:723][877]LogModuleManager: Shutting down and abandoning module OnlineBlueprintSupport (74)
[2018.10.03-06.46.43:723][877]LogModuleManager: Shutting down and abandoning module OnlineSubsystem (70)
[2018.10.03-06.46.43:724][877]LogModuleManager: Shutting down and abandoning module XMPP (65)
[2018.10.03-06.46.43:724][877]LogModuleManager: Shutting down and abandoning module WebSockets (64)
[2018.10.03-06.46.43:731][877]LogModuleManager: Shutting down and abandoning module HTTP (61)
[2018.10.03-06.46.43:731][877]LogHttp: Display: Http module shutting down, but needs to wait on 1 outstanding Http requests:
[2018.10.03-06.46.43:731][877]LogHttp: Display: 	verb=[POST] url=[https://datarouter.ol.epicgames.com/datarouter/api/v1/public/data?SessionID=%7B73028A00-406E-535A-CC3F-F8AA3EEE5ACD%7D&AppID=UEEditor.Rocket.Release&AppVersion=4.20.3-4369336%2B%2B%2BUE4%2BRelease-4.20&UserID=07f852df44d3a8ef9152c9be2fa055a6%7Cb8e395c9f4d04fd780ec6f4c8c5b43b1%7C559f7cec-1dce-4e72-833b-7fa1822f71f4&AppEnvironment=datacollector-binary&UploadType=eteventstream] status=Processing
[2018.10.03-06.46.43:756][877]LogModuleManager: Shutting down and abandoning module SSL (60)
[2018.10.03-06.46.43:758][877]LogModuleManager: Shutting down and abandoning module MagicLeapEmulator (56)
[2018.10.03-06.46.43:758][877]LogModuleManager: Shutting down and abandoning module MagicLeapPrivileges (54)
[2018.10.03-06.46.43:758][877]LogModuleManager: Shutting down and abandoning module MagicLeapIdentity (52)
[2018.10.03-06.46.43:758][877]LogModuleManager: Shutting down and abandoning module MagicLeapHelperVulkan (50)
[2018.10.03-06.46.43:758][877]LogModuleManager: Shutting down and abandoning module MagicLeapHelperOpenGL (48)
[2018.10.03-06.46.43:758][877]LogModuleManager: Shutting down and abandoning module MagicLeapSecureStorage (46)
[2018.10.03-06.46.43:758][877]LogModuleManager: Shutting down and abandoning module MagicLeapGestures (44)
[2018.10.03-06.46.43:758][877]LogModuleManager: Shutting down and abandoning module MagicLeapEyeTracker (42)
[2018.10.03-06.46.43:758][877]LogModuleManager: Shutting down and abandoning module MagicLeapController (40)
[2018.10.03-06.46.43:758][877]LogSlate: Slate User Destroyed.  User Index 0, Is Virtual User: 0
[2018.10.03-06.46.43:758][877]LogModuleManager: Shutting down and abandoning module MagicLeap (38)
[2018.10.03-06.46.43:758][877]LogModuleManager: Shutting down and abandoning module AnimationModifiers (36)
[2018.10.03-06.46.43:758][877]LogModuleManager: Shutting down and abandoning module PropertyEditor (35)
[2018.10.03-06.46.43:758][877]LogModuleManager: Shutting down and abandoning module AudioEditor (32)
[2018.10.03-06.46.43:758][877]LogModuleManager: Shutting down and abandoning module TextureCompressor (30)
[2018.10.03-06.46.43:759][877]LogModuleManager: Shutting down and abandoning module ShaderCore (28)
[2018.10.03-06.46.43:759][877]LogModuleManager: Shutting down and abandoning module Landscape (26)
[2018.10.03-06.46.43:759][877]LogModuleManager: Shutting down and abandoning module SlateRHIRenderer (24)
[2018.10.03-06.46.43:759][877]LogModuleManager: Shutting down and abandoning module OpenGLDrv (22)
[2018.10.03-06.46.43:759][877]LogModuleManager: Shutting down and abandoning module D3D11RHI (20)
[2018.10.03-06.46.43:759][877]LogModuleManager: Shutting down and abandoning module AnimGraphRuntime (18)
[2018.10.03-06.46.43:759][877]LogModuleManager: Shutting down and abandoning module Renderer (16)
[2018.10.03-06.46.43:759][877]LogModuleManager: Shutting down and abandoning module Engine (14)
[2018.10.03-06.46.43:759][877]LogModuleManager: Shutting down and abandoning module CoreUObject (12)
[2018.10.03-06.46.43:759][877]LogModuleManager: Shutting down and abandoning module NetworkFile (10)
[2018.10.03-06.46.43:760][877]LogModuleManager: Shutting down and abandoning module CookedIterativeFile (8)
[2018.10.03-06.46.43:760][877]LogModuleManager: Shutting down and abandoning module StreamingFile (6)
[2018.10.03-06.46.43:760][877]LogModuleManager: Shutting down and abandoning module SandboxFile (4)
[2018.10.03-06.46.43:760][877]LogModuleManager: Shutting down and abandoning module PakFile (2)
[2018.10.03-06.46.43:774][877]LogExit: Exiting.
[2018.10.03-06.46.43:806][877]Log file closed, 10/02/18 23:46:43
